#! /usr/bin/vvp
:ivl_version "12.0 (stable)" "(v12_0-dirty)";
:ivl_delay_selection "TYPICAL";
:vpi_time_precision - 12;
:vpi_module "/usr/lib/ivl/system.vpi";
:vpi_module "/usr/lib/ivl/vhdl_sys.vpi";
:vpi_module "/usr/lib/ivl/vhdl_textio.vpi";
:vpi_module "/usr/lib/ivl/v2005_math.vpi";
:vpi_module "/usr/lib/ivl/va_math.vpi";
S_0x56120161d9b0 .scope module, "tb_enc" "tb_enc" 2 3;
 .timescale -9 -12;
v0x56120164beb0_0 .net "cipher_text", 63 0, L_0x56120164f460;  1 drivers
v0x56120164bf90_0 .var "clk", 0 0;
v0x56120164c080_0 .var/i "i", 31 0;
v0x56120164c120_0 .var "plain_text", 63 0;
v0x56120164c210_0 .net "ready", 0 0, L_0x561201665e30;  1 drivers
v0x56120164c300_0 .var "rst_n", 0 0;
v0x56120164c3d0_0 .var "start_enc", 0 0;
v0x56120164c4a0_0 .var "user_key", 79 0;
E_0x5612015c3b00 .event anyedge, v0x56120164c080_0;
S_0x56120159cab0 .scope module, "enc1" "enc" 2 32, 3 1 0, S_0x56120161d9b0;
 .timescale -9 -12;
    .port_info 0 /INPUT 1 "clk";
    .port_info 1 /INPUT 1 "rst_n";
    .port_info 2 /INPUT 1 "start_enc";
    .port_info 3 /INPUT 80 "key";
    .port_info 4 /INPUT 64 "plaintext";
    .port_info 5 /OUTPUT 1 "ready";
    .port_info 6 /OUTPUT 64 "cipher_text";
P_0x56120161eaf0 .param/l "EXECUTE" 1 3 36, +C4<00000000000000000000000000000010>;
P_0x56120161eb30 .param/l "FIN" 1 3 36, +C4<00000000000000000000000000000011>;
P_0x56120161eb70 .param/l "INIT" 1 3 36, +C4<00000000000000000000000000000000>;
P_0x56120161ebb0 .param/l "START" 1 3 36, +C4<00000000000000000000000000000001>;
P_0x56120161ebf0 .param/l "rounds" 1 3 36, +C4<00000000000000000000000000011111>;
L_0x56120164f460 .functor BUFZ 64, v0x56120164b520_0, C4<0000000000000000000000000000000000000000000000000000000000000000>, C4<0000000000000000000000000000000000000000000000000000000000000000>, C4<0000000000000000000000000000000000000000000000000000000000000000>;
v0x56120164ab90_0 .net *"_ivl_0", 31 0, L_0x561201655c40;  1 drivers
L_0x7f8e62b7f0f0 .functor BUFT 1, C4<0>, C4<0>, C4<0>, C4<0>;
v0x56120164ac90_0 .net/2u *"_ivl_10", 0 0, L_0x7f8e62b7f0f0;  1 drivers
L_0x7f8e62b7f018 .functor BUFT 1, C4<000000000000000000000000000000>, C4<0>, C4<0>, C4<0>;
v0x56120164ad70_0 .net *"_ivl_3", 29 0, L_0x7f8e62b7f018;  1 drivers
L_0x7f8e62b7f060 .functor BUFT 1, C4<00000000000000000000000000000011>, C4<0>, C4<0>, C4<0>;
v0x56120164ae30_0 .net/2u *"_ivl_4", 31 0, L_0x7f8e62b7f060;  1 drivers
v0x56120164af10_0 .net *"_ivl_6", 0 0, L_0x561201665cf0;  1 drivers
L_0x7f8e62b7f0a8 .functor BUFT 1, C4<1>, C4<0>, C4<0>, C4<0>;
v0x56120164afd0_0 .net/2u *"_ivl_8", 0 0, L_0x7f8e62b7f0a8;  1 drivers
v0x56120164b0b0_0 .net "cipher_text", 63 0, L_0x56120164f460;  alias, 1 drivers
v0x56120164b190_0 .net "clk", 0 0, v0x56120164bf90_0;  1 drivers
v0x56120164b230_0 .var "count", 4 0;
v0x56120164b390_0 .var "curr_state", 1 0;
v0x56120164b450_0 .var "enb", 0 0;
v0x56120164b520_0 .var "final_result", 63 0;
v0x56120164b5e0_0 .net "key", 79 0, v0x56120164c4a0_0;  1 drivers
v0x56120164b6d0_0 .var "load", 0 0;
v0x56120164b7a0_0 .var "next_state", 1 0;
v0x56120164b840_0 .net "plaintext", 63 0, v0x56120164c120_0;  1 drivers
v0x56120164b920_0 .net "ready", 0 0, L_0x561201665e30;  alias, 1 drivers
v0x56120164b9e0_0 .net "round_key", 63 0, v0x56120164a600_0;  1 drivers
v0x56120164baa0_0 .net "round_result", 63 0, L_0x561201654590;  1 drivers
v0x56120164bbb0_0 .net "rst_n", 0 0, v0x56120164c300_0;  1 drivers
v0x56120164bc70_0 .net "start_enc", 0 0, v0x56120164c3d0_0;  1 drivers
v0x56120164bd30_0 .var "state", 63 0;
E_0x5612015c3680 .event posedge, v0x56120164bbb0_0, v0x56120164a190_0;
E_0x561201591a60 .event posedge, v0x56120164a190_0;
E_0x561201620970/0 .event anyedge, v0x56120164b390_0, v0x56120164bc70_0, v0x56120164b840_0, v0x56120164a270_0;
E_0x561201620970/1 .event anyedge, v0x561201649cc0_0, v0x56120164b520_0, v0x561201649ae0_0;
E_0x561201620970 .event/or E_0x561201620970/0, E_0x561201620970/1;
L_0x561201655c40 .concat [ 2 30 0 0], v0x56120164b390_0, L_0x7f8e62b7f018;
L_0x561201665cf0 .cmp/eq 32, L_0x561201655c40, L_0x7f8e62b7f060;
L_0x561201665e30 .functor MUXZ 1, L_0x7f8e62b7f0f0, L_0x7f8e62b7f0a8, L_0x561201665cf0, C4<>;
S_0x5612015c01a0 .scope module, "encrypt" "encryptor" 3 30, 4 1 0, S_0x56120159cab0;
 .timescale -9 -12;
    .port_info 0 /INPUT 64 "round_key";
    .port_info 1 /INPUT 64 "state";
    .port_info 2 /OUTPUT 64 "result";
L_0x5612016202e0 .functor XOR 64, v0x56120164a600_0, v0x56120164bd30_0, C4<0000000000000000000000000000000000000000000000000000000000000000>, C4<0000000000000000000000000000000000000000000000000000000000000000>;
v0x561201649920_0 .net "addroundkey", 63 0, L_0x5612016202e0;  1 drivers
v0x561201649a10_0 .net "result", 63 0, L_0x561201654590;  alias, 1 drivers
v0x561201649ae0_0 .net "round_key", 63 0, v0x56120164a600_0;  alias, 1 drivers
v0x561201649bb0_0 .net "sbox", 63 0, L_0x56120164e3c0;  1 drivers
v0x561201649cc0_0 .net "state", 63 0, v0x56120164bd30_0;  1 drivers
S_0x5612015c03d0 .scope module, "player_ins" "PLayer" 4 17, 5 1 0, S_0x5612015c01a0;
 .timescale -9 -12;
    .port_info 0 /INPUT 64 "in_data";
    .port_info 1 /OUTPUT 64 "out_data";
L_0x56120164ea40 .functor BUFZ 64, L_0x56120164e3c0, C4<0000000000000000000000000000000000000000000000000000000000000000>, C4<0000000000000000000000000000000000000000000000000000000000000000>, C4<0000000000000000000000000000000000000000000000000000000000000000>;
v0x561201605230_0 .net *"_ivl_101", 0 0, L_0x5612016501b0;  1 drivers
v0x5612015ef640_0 .net *"_ivl_105", 0 0, L_0x561201650250;  1 drivers
v0x56120163b280_0 .net *"_ivl_109", 0 0, L_0x5612016503d0;  1 drivers
v0x56120163b340_0 .net *"_ivl_113", 0 0, L_0x561201650470;  1 drivers
v0x56120163b420_0 .net *"_ivl_117", 0 0, L_0x561201650600;  1 drivers
v0x56120163b550_0 .net *"_ivl_121", 0 0, L_0x5612016506a0;  1 drivers
v0x56120163b630_0 .net *"_ivl_125", 0 0, L_0x561201650840;  1 drivers
v0x56120163b710_0 .net *"_ivl_129", 0 0, L_0x561201650cf0;  1 drivers
v0x56120163b7f0_0 .net *"_ivl_13", 0 0, L_0x56120164eca0;  1 drivers
v0x56120163b8d0_0 .net *"_ivl_133", 0 0, L_0x561201650ea0;  1 drivers
v0x56120163b9b0_0 .net *"_ivl_137", 0 0, L_0x561201650f40;  1 drivers
v0x56120163ba90_0 .net *"_ivl_141", 0 0, L_0x561201651100;  1 drivers
v0x56120163bb70_0 .net *"_ivl_145", 0 0, L_0x5612016511a0;  1 drivers
v0x56120163bc50_0 .net *"_ivl_149", 0 0, L_0x561201650fe0;  1 drivers
v0x56120163bd30_0 .net *"_ivl_153", 0 0, L_0x561201651370;  1 drivers
v0x56120163be10_0 .net *"_ivl_157", 0 0, L_0x561201651550;  1 drivers
v0x56120163bef0_0 .net *"_ivl_161", 0 0, L_0x561201651620;  1 drivers
v0x56120163bfd0_0 .net *"_ivl_165", 0 0, L_0x561201651840;  1 drivers
v0x56120163c0b0_0 .net *"_ivl_169", 0 0, L_0x561201651910;  1 drivers
v0x56120163c190_0 .net *"_ivl_17", 0 0, L_0x56120164edd0;  1 drivers
v0x56120163c270_0 .net *"_ivl_173", 0 0, L_0x561201651b40;  1 drivers
v0x56120163c350_0 .net *"_ivl_177", 0 0, L_0x561201651c10;  1 drivers
v0x56120163c430_0 .net *"_ivl_181", 0 0, L_0x561201651e50;  1 drivers
v0x56120163c510_0 .net *"_ivl_185", 0 0, L_0x561201651f20;  1 drivers
v0x56120163c5f0_0 .net *"_ivl_189", 0 0, L_0x561201652170;  1 drivers
v0x56120163c6d0_0 .net *"_ivl_193", 0 0, L_0x561201652240;  1 drivers
v0x56120163c7b0_0 .net *"_ivl_197", 0 0, L_0x5612016524a0;  1 drivers
v0x56120163c890_0 .net *"_ivl_201", 0 0, L_0x561201652570;  1 drivers
v0x56120163c970_0 .net *"_ivl_205", 0 0, L_0x5612016527e0;  1 drivers
v0x56120163ca50_0 .net *"_ivl_209", 0 0, L_0x5612016528b0;  1 drivers
v0x56120163cb30_0 .net *"_ivl_21", 0 0, L_0x56120164ee70;  1 drivers
v0x56120163cc10_0 .net *"_ivl_213", 0 0, L_0x561201652b30;  1 drivers
v0x56120163ccf0_0 .net *"_ivl_217", 0 0, L_0x561201652c00;  1 drivers
v0x56120163cdd0_0 .net *"_ivl_221", 0 0, L_0x561201652e90;  1 drivers
v0x56120163ceb0_0 .net *"_ivl_225", 0 0, L_0x561201652f60;  1 drivers
v0x56120163cf90_0 .net *"_ivl_229", 0 0, L_0x561201653200;  1 drivers
v0x56120163d070_0 .net *"_ivl_233", 0 0, L_0x5612016532d0;  1 drivers
v0x56120163d150_0 .net *"_ivl_237", 0 0, L_0x561201653580;  1 drivers
v0x56120163d230_0 .net *"_ivl_241", 0 0, L_0x561201653650;  1 drivers
v0x56120163d310_0 .net *"_ivl_245", 0 0, L_0x561201653910;  1 drivers
v0x56120163d3f0_0 .net *"_ivl_249", 0 0, L_0x5612016539e0;  1 drivers
v0x56120163d4d0_0 .net *"_ivl_25", 0 0, L_0x56120164ef10;  1 drivers
v0x56120163d5b0_0 .net *"_ivl_253", 0 0, L_0x561201653cb0;  1 drivers
v0x56120163d690_0 .net *"_ivl_258", 0 0, L_0x561201655b50;  1 drivers
v0x56120163d770_0 .net *"_ivl_29", 0 0, L_0x56120164eff0;  1 drivers
v0x56120163d850_0 .net *"_ivl_33", 0 0, L_0x56120164f090;  1 drivers
v0x56120163d930_0 .net *"_ivl_37", 0 0, L_0x56120164f180;  1 drivers
v0x56120163da10_0 .net *"_ivl_41", 0 0, L_0x56120164f220;  1 drivers
v0x56120163daf0_0 .net *"_ivl_45", 0 0, L_0x56120164f320;  1 drivers
v0x56120163dbd0_0 .net *"_ivl_49", 0 0, L_0x56120164f3c0;  1 drivers
v0x56120163dcb0_0 .net *"_ivl_5", 0 0, L_0x56120164eb60;  1 drivers
v0x56120163dd90_0 .net *"_ivl_53", 0 0, L_0x56120164f4d0;  1 drivers
v0x56120163de70_0 .net *"_ivl_57", 0 0, L_0x56120164f570;  1 drivers
v0x56120163df50_0 .net *"_ivl_61", 0 0, L_0x56120164f690;  1 drivers
v0x56120163e030_0 .net *"_ivl_65", 0 0, L_0x56120164f940;  1 drivers
v0x56120163e110_0 .net *"_ivl_69", 0 0, L_0x56120164fa70;  1 drivers
v0x56120163e1f0_0 .net *"_ivl_73", 0 0, L_0x56120164fb10;  1 drivers
v0x56120163e2d0_0 .net *"_ivl_77", 0 0, L_0x56120164fc50;  1 drivers
v0x56120163e3b0_0 .net *"_ivl_81", 0 0, L_0x56120164fcf0;  1 drivers
v0x56120163e490_0 .net *"_ivl_85", 0 0, L_0x56120164fbb0;  1 drivers
v0x56120163e570_0 .net *"_ivl_89", 0 0, L_0x56120164fe40;  1 drivers
v0x56120163e650_0 .net *"_ivl_9", 0 0, L_0x56120164ec00;  1 drivers
v0x56120163e730_0 .net *"_ivl_93", 0 0, L_0x56120164ffa0;  1 drivers
v0x56120163e810_0 .net *"_ivl_97", 0 0, L_0x561201650040;  1 drivers
v0x56120163e8f0_0 .net "in", 63 0, L_0x56120164ea40;  1 drivers
v0x56120163ede0_0 .net "in_data", 63 0, L_0x56120164e3c0;  alias, 1 drivers
v0x56120163eec0_0 .net "out_data", 63 0, L_0x561201654590;  alias, 1 drivers
L_0x56120164eb60 .part L_0x56120164ea40, 0, 1;
L_0x56120164ec00 .part L_0x56120164ea40, 1, 1;
L_0x56120164eca0 .part L_0x56120164ea40, 2, 1;
L_0x56120164edd0 .part L_0x56120164ea40, 3, 1;
L_0x56120164ee70 .part L_0x56120164ea40, 4, 1;
L_0x56120164ef10 .part L_0x56120164ea40, 5, 1;
L_0x56120164eff0 .part L_0x56120164ea40, 6, 1;
L_0x56120164f090 .part L_0x56120164ea40, 7, 1;
L_0x56120164f180 .part L_0x56120164ea40, 8, 1;
L_0x56120164f220 .part L_0x56120164ea40, 9, 1;
L_0x56120164f320 .part L_0x56120164ea40, 10, 1;
L_0x56120164f3c0 .part L_0x56120164ea40, 11, 1;
L_0x56120164f4d0 .part L_0x56120164ea40, 12, 1;
L_0x56120164f570 .part L_0x56120164ea40, 13, 1;
L_0x56120164f690 .part L_0x56120164ea40, 14, 1;
L_0x56120164f940 .part L_0x56120164ea40, 15, 1;
L_0x56120164fa70 .part L_0x56120164ea40, 16, 1;
L_0x56120164fb10 .part L_0x56120164ea40, 17, 1;
L_0x56120164fc50 .part L_0x56120164ea40, 18, 1;
L_0x56120164fcf0 .part L_0x56120164ea40, 19, 1;
L_0x56120164fbb0 .part L_0x56120164ea40, 20, 1;
L_0x56120164fe40 .part L_0x56120164ea40, 21, 1;
L_0x56120164ffa0 .part L_0x56120164ea40, 22, 1;
L_0x561201650040 .part L_0x56120164ea40, 23, 1;
L_0x5612016501b0 .part L_0x56120164ea40, 24, 1;
L_0x561201650250 .part L_0x56120164ea40, 25, 1;
L_0x5612016503d0 .part L_0x56120164ea40, 26, 1;
L_0x561201650470 .part L_0x56120164ea40, 27, 1;
L_0x561201650600 .part L_0x56120164ea40, 28, 1;
L_0x5612016506a0 .part L_0x56120164ea40, 29, 1;
L_0x561201650840 .part L_0x56120164ea40, 30, 1;
L_0x561201650cf0 .part L_0x56120164ea40, 31, 1;
L_0x561201650ea0 .part L_0x56120164ea40, 32, 1;
L_0x561201650f40 .part L_0x56120164ea40, 33, 1;
L_0x561201651100 .part L_0x56120164ea40, 34, 1;
L_0x5612016511a0 .part L_0x56120164ea40, 35, 1;
L_0x561201650fe0 .part L_0x56120164ea40, 36, 1;
L_0x561201651370 .part L_0x56120164ea40, 37, 1;
L_0x561201651550 .part L_0x56120164ea40, 38, 1;
L_0x561201651620 .part L_0x56120164ea40, 39, 1;
L_0x561201651840 .part L_0x56120164ea40, 40, 1;
L_0x561201651910 .part L_0x56120164ea40, 41, 1;
L_0x561201651b40 .part L_0x56120164ea40, 42, 1;
L_0x561201651c10 .part L_0x56120164ea40, 43, 1;
L_0x561201651e50 .part L_0x56120164ea40, 44, 1;
L_0x561201651f20 .part L_0x56120164ea40, 45, 1;
L_0x561201652170 .part L_0x56120164ea40, 46, 1;
L_0x561201652240 .part L_0x56120164ea40, 47, 1;
L_0x5612016524a0 .part L_0x56120164ea40, 48, 1;
L_0x561201652570 .part L_0x56120164ea40, 49, 1;
L_0x5612016527e0 .part L_0x56120164ea40, 50, 1;
L_0x5612016528b0 .part L_0x56120164ea40, 51, 1;
L_0x561201652b30 .part L_0x56120164ea40, 52, 1;
L_0x561201652c00 .part L_0x56120164ea40, 53, 1;
L_0x561201652e90 .part L_0x56120164ea40, 54, 1;
L_0x561201652f60 .part L_0x56120164ea40, 55, 1;
L_0x561201653200 .part L_0x56120164ea40, 56, 1;
L_0x5612016532d0 .part L_0x56120164ea40, 57, 1;
L_0x561201653580 .part L_0x56120164ea40, 58, 1;
L_0x561201653650 .part L_0x56120164ea40, 59, 1;
L_0x561201653910 .part L_0x56120164ea40, 60, 1;
L_0x5612016539e0 .part L_0x56120164ea40, 61, 1;
L_0x561201653cb0 .part L_0x56120164ea40, 62, 1;
LS_0x561201654590_0_0 .concat8 [ 1 1 1 1], L_0x56120164eb60, L_0x56120164ee70, L_0x56120164f180, L_0x56120164f4d0;
LS_0x561201654590_0_4 .concat8 [ 1 1 1 1], L_0x56120164fa70, L_0x56120164fbb0, L_0x5612016501b0, L_0x561201650600;
LS_0x561201654590_0_8 .concat8 [ 1 1 1 1], L_0x561201650ea0, L_0x561201650fe0, L_0x561201651840, L_0x561201651e50;
LS_0x561201654590_0_12 .concat8 [ 1 1 1 1], L_0x5612016524a0, L_0x561201652b30, L_0x561201653200, L_0x561201653910;
LS_0x561201654590_0_16 .concat8 [ 1 1 1 1], L_0x56120164ec00, L_0x56120164ef10, L_0x56120164f220, L_0x56120164f570;
LS_0x561201654590_0_20 .concat8 [ 1 1 1 1], L_0x56120164fb10, L_0x56120164fe40, L_0x561201650250, L_0x5612016506a0;
LS_0x561201654590_0_24 .concat8 [ 1 1 1 1], L_0x561201650f40, L_0x561201651370, L_0x561201651910, L_0x561201651f20;
LS_0x561201654590_0_28 .concat8 [ 1 1 1 1], L_0x561201652570, L_0x561201652c00, L_0x5612016532d0, L_0x5612016539e0;
LS_0x561201654590_0_32 .concat8 [ 1 1 1 1], L_0x56120164eca0, L_0x56120164eff0, L_0x56120164f320, L_0x56120164f690;
LS_0x561201654590_0_36 .concat8 [ 1 1 1 1], L_0x56120164fc50, L_0x56120164ffa0, L_0x5612016503d0, L_0x561201650840;
LS_0x561201654590_0_40 .concat8 [ 1 1 1 1], L_0x561201651100, L_0x561201651550, L_0x561201651b40, L_0x561201652170;
LS_0x561201654590_0_44 .concat8 [ 1 1 1 1], L_0x5612016527e0, L_0x561201652e90, L_0x561201653580, L_0x561201653cb0;
LS_0x561201654590_0_48 .concat8 [ 1 1 1 1], L_0x56120164edd0, L_0x56120164f090, L_0x56120164f3c0, L_0x56120164f940;
LS_0x561201654590_0_52 .concat8 [ 1 1 1 1], L_0x56120164fcf0, L_0x561201650040, L_0x561201650470, L_0x561201650cf0;
LS_0x561201654590_0_56 .concat8 [ 1 1 1 1], L_0x5612016511a0, L_0x561201651620, L_0x561201651c10, L_0x561201652240;
LS_0x561201654590_0_60 .concat8 [ 1 1 1 1], L_0x5612016528b0, L_0x561201652f60, L_0x561201653650, L_0x561201655b50;
LS_0x561201654590_1_0 .concat8 [ 4 4 4 4], LS_0x561201654590_0_0, LS_0x561201654590_0_4, LS_0x561201654590_0_8, LS_0x561201654590_0_12;
LS_0x561201654590_1_4 .concat8 [ 4 4 4 4], LS_0x561201654590_0_16, LS_0x561201654590_0_20, LS_0x561201654590_0_24, LS_0x561201654590_0_28;
LS_0x561201654590_1_8 .concat8 [ 4 4 4 4], LS_0x561201654590_0_32, LS_0x561201654590_0_36, LS_0x561201654590_0_40, LS_0x561201654590_0_44;
LS_0x561201654590_1_12 .concat8 [ 4 4 4 4], LS_0x561201654590_0_48, LS_0x561201654590_0_52, LS_0x561201654590_0_56, LS_0x561201654590_0_60;
L_0x561201654590 .concat8 [ 16 16 16 16], LS_0x561201654590_1_0, LS_0x561201654590_1_4, LS_0x561201654590_1_8, LS_0x561201654590_1_12;
L_0x561201655b50 .part L_0x56120164ea40, 63, 1;
S_0x56120163f000 .scope module, "sbox_ins" "SboxLayer" 4 12, 6 1 0, S_0x5612015c01a0;
 .timescale -9 -12;
    .port_info 0 /INPUT 64 "state";
    .port_info 1 /OUTPUT 64 "result";
v0x561201649730_0 .net "result", 63 0, L_0x56120164e3c0;  alias, 1 drivers
v0x561201649800_0 .net "state", 63 0, L_0x5612016202e0;  alias, 1 drivers
L_0x56120164c630 .part L_0x5612016202e0, 0, 4;
L_0x56120164c800 .part L_0x5612016202e0, 4, 4;
L_0x56120164c980 .part L_0x5612016202e0, 8, 4;
L_0x56120164cb50 .part L_0x5612016202e0, 12, 4;
L_0x56120164cd30 .part L_0x5612016202e0, 16, 4;
L_0x56120164cf00 .part L_0x5612016202e0, 20, 4;
L_0x56120164d110 .part L_0x5612016202e0, 24, 4;
L_0x56120164d2e0 .part L_0x5612016202e0, 28, 4;
L_0x56120164d500 .part L_0x5612016202e0, 32, 4;
L_0x56120164d6d0 .part L_0x5612016202e0, 36, 4;
L_0x56120164d8b0 .part L_0x5612016202e0, 40, 4;
L_0x56120164da80 .part L_0x5612016202e0, 44, 4;
L_0x56120164dcc0 .part L_0x5612016202e0, 48, 4;
L_0x56120164de90 .part L_0x5612016202e0, 52, 4;
L_0x56120164e070 .part L_0x5612016202e0, 56, 4;
L_0x56120164e240 .part L_0x5612016202e0, 60, 4;
LS_0x56120164e3c0_0_0 .concat8 [ 4 4 4 4], L_0x56120164c720, L_0x56120164c8f0, L_0x56120164ca70, L_0x56120164cc70;
LS_0x56120164e3c0_0_4 .concat8 [ 4 4 4 4], L_0x56120164ce20, L_0x56120164d030, L_0x56120164d200, L_0x56120164d420;
LS_0x56120164e3c0_0_8 .concat8 [ 4 4 4 4], L_0x56120164d5f0, L_0x56120164d820, L_0x56120164d9a0, L_0x56120164dbe0;
LS_0x56120164e3c0_0_12 .concat8 [ 4 4 4 4], L_0x56120164ddb0, L_0x56120164db70, L_0x56120164e160, L_0x56120164e910;
L_0x56120164e3c0 .concat8 [ 16 16 16 16], LS_0x56120164e3c0_0_0, LS_0x56120164e3c0_0_4, LS_0x56120164e3c0_0_8, LS_0x56120164e3c0_0_12;
S_0x56120163f190 .scope generate, "sbox_gen[0]" "sbox_gen[0]" 6 7, 6 7 0, S_0x56120163f000;
 .timescale -9 -12;
P_0x56120163f3b0 .param/l "i" 1 6 7, +C4<00>;
L_0x56120164c720 .functor BUFZ 4, v0x56120163f7d0_0, C4<0000>, C4<0000>, C4<0000>;
v0x56120163f910_0 .net *"_ivl_2", 3 0, L_0x56120164c720;  1 drivers
v0x56120163f9f0_0 .net "in", 3 0, L_0x56120164c630;  1 drivers
v0x56120163fab0_0 .net "out", 3 0, v0x56120163f7d0_0;  1 drivers
S_0x56120163f490 .scope module, "st" "sbox_table" 6 10, 7 1 0, S_0x56120163f190;
 .timescale -9 -12;
    .port_info 0 /INPUT 4 "in";
    .port_info 1 /OUTPUT 4 "out";
v0x56120163f6d0_0 .net "in", 3 0, L_0x56120164c630;  alias, 1 drivers
v0x56120163f7d0_0 .var "out", 3 0;
E_0x5612015efbe0 .event anyedge, v0x56120163f6d0_0;
S_0x56120163fb80 .scope generate, "sbox_gen[1]" "sbox_gen[1]" 6 7, 6 7 0, S_0x56120163f000;
 .timescale -9 -12;
P_0x56120163fd60 .param/l "i" 1 6 7, +C4<01>;
L_0x56120164c8f0 .functor BUFZ 4, v0x561201640160_0, C4<0000>, C4<0000>, C4<0000>;
v0x5612016402a0_0 .net *"_ivl_2", 3 0, L_0x56120164c8f0;  1 drivers
v0x561201640380_0 .net "in", 3 0, L_0x56120164c800;  1 drivers
v0x561201640470_0 .net "out", 3 0, v0x561201640160_0;  1 drivers
S_0x56120163fe20 .scope module, "st" "sbox_table" 6 10, 7 1 0, S_0x56120163fb80;
 .timescale -9 -12;
    .port_info 0 /INPUT 4 "in";
    .port_info 1 /OUTPUT 4 "out";
v0x561201640060_0 .net "in", 3 0, L_0x56120164c800;  alias, 1 drivers
v0x561201640160_0 .var "out", 3 0;
E_0x56120160aaf0 .event anyedge, v0x561201640060_0;
S_0x561201640570 .scope generate, "sbox_gen[2]" "sbox_gen[2]" 6 7, 6 7 0, S_0x56120163f000;
 .timescale -9 -12;
P_0x561201640780 .param/l "i" 1 6 7, +C4<010>;
L_0x56120164ca70 .functor BUFZ 4, v0x561201640ba0_0, C4<0000>, C4<0000>, C4<0000>;
v0x561201640ce0_0 .net *"_ivl_2", 3 0, L_0x56120164ca70;  1 drivers
v0x561201640dc0_0 .net "in", 3 0, L_0x56120164c980;  1 drivers
v0x561201640eb0_0 .net "out", 3 0, v0x561201640ba0_0;  1 drivers
S_0x561201640820 .scope module, "st" "sbox_table" 6 10, 7 1 0, S_0x561201640570;
 .timescale -9 -12;
    .port_info 0 /INPUT 4 "in";
    .port_info 1 /OUTPUT 4 "out";
v0x561201640aa0_0 .net "in", 3 0, L_0x56120164c980;  alias, 1 drivers
v0x561201640ba0_0 .var "out", 3 0;
E_0x561201640a20 .event anyedge, v0x561201640aa0_0;
S_0x561201640fb0 .scope generate, "sbox_gen[3]" "sbox_gen[3]" 6 7, 6 7 0, S_0x56120163f000;
 .timescale -9 -12;
P_0x561201641190 .param/l "i" 1 6 7, +C4<011>;
L_0x56120164cc70 .functor BUFZ 4, v0x561201641610_0, C4<0000>, C4<0000>, C4<0000>;
v0x561201641750_0 .net *"_ivl_2", 3 0, L_0x56120164cc70;  1 drivers
v0x561201641830_0 .net "in", 3 0, L_0x56120164cb50;  1 drivers
v0x561201641920_0 .net "out", 3 0, v0x561201641610_0;  1 drivers
S_0x561201641250 .scope module, "st" "sbox_table" 6 10, 7 1 0, S_0x561201640fb0;
 .timescale -9 -12;
    .port_info 0 /INPUT 4 "in";
    .port_info 1 /OUTPUT 4 "out";
v0x561201641510_0 .net "in", 3 0, L_0x56120164cb50;  alias, 1 drivers
v0x561201641610_0 .var "out", 3 0;
E_0x561201641490 .event anyedge, v0x561201641510_0;
S_0x561201641a20 .scope generate, "sbox_gen[4]" "sbox_gen[4]" 6 7, 6 7 0, S_0x56120163f000;
 .timescale -9 -12;
P_0x561201641c50 .param/l "i" 1 6 7, +C4<0100>;
L_0x56120164ce20 .functor BUFZ 4, v0x5612016420d0_0, C4<0000>, C4<0000>, C4<0000>;
v0x561201642210_0 .net *"_ivl_2", 3 0, L_0x56120164ce20;  1 drivers
v0x5612016422f0_0 .net "in", 3 0, L_0x56120164cd30;  1 drivers
v0x5612016423b0_0 .net "out", 3 0, v0x5612016420d0_0;  1 drivers
S_0x561201641d10 .scope module, "st" "sbox_table" 6 10, 7 1 0, S_0x561201641a20;
 .timescale -9 -12;
    .port_info 0 /INPUT 4 "in";
    .port_info 1 /OUTPUT 4 "out";
v0x561201641fd0_0 .net "in", 3 0, L_0x56120164cd30;  alias, 1 drivers
v0x5612016420d0_0 .var "out", 3 0;
E_0x561201641f50 .event anyedge, v0x561201641fd0_0;
S_0x5612016424b0 .scope generate, "sbox_gen[5]" "sbox_gen[5]" 6 7, 6 7 0, S_0x56120163f000;
 .timescale -9 -12;
P_0x561201642690 .param/l "i" 1 6 7, +C4<0101>;
L_0x56120164d030 .functor BUFZ 4, v0x561201642b10_0, C4<0000>, C4<0000>, C4<0000>;
v0x561201642c50_0 .net *"_ivl_2", 3 0, L_0x56120164d030;  1 drivers
v0x561201642d30_0 .net "in", 3 0, L_0x56120164cf00;  1 drivers
v0x561201642e20_0 .net "out", 3 0, v0x561201642b10_0;  1 drivers
S_0x561201642750 .scope module, "st" "sbox_table" 6 10, 7 1 0, S_0x5612016424b0;
 .timescale -9 -12;
    .port_info 0 /INPUT 4 "in";
    .port_info 1 /OUTPUT 4 "out";
v0x561201642a10_0 .net "in", 3 0, L_0x56120164cf00;  alias, 1 drivers
v0x561201642b10_0 .var "out", 3 0;
E_0x561201642990 .event anyedge, v0x561201642a10_0;
S_0x561201642f20 .scope generate, "sbox_gen[6]" "sbox_gen[6]" 6 7, 6 7 0, S_0x56120163f000;
 .timescale -9 -12;
P_0x561201643100 .param/l "i" 1 6 7, +C4<0110>;
L_0x56120164d200 .functor BUFZ 4, v0x561201643580_0, C4<0000>, C4<0000>, C4<0000>;
v0x5612016436c0_0 .net *"_ivl_2", 3 0, L_0x56120164d200;  1 drivers
v0x5612016437a0_0 .net "in", 3 0, L_0x56120164d110;  1 drivers
v0x561201643890_0 .net "out", 3 0, v0x561201643580_0;  1 drivers
S_0x5612016431c0 .scope module, "st" "sbox_table" 6 10, 7 1 0, S_0x561201642f20;
 .timescale -9 -12;
    .port_info 0 /INPUT 4 "in";
    .port_info 1 /OUTPUT 4 "out";
v0x561201643480_0 .net "in", 3 0, L_0x56120164d110;  alias, 1 drivers
v0x561201643580_0 .var "out", 3 0;
E_0x561201643400 .event anyedge, v0x561201643480_0;
S_0x561201643990 .scope generate, "sbox_gen[7]" "sbox_gen[7]" 6 7, 6 7 0, S_0x56120163f000;
 .timescale -9 -12;
P_0x561201643b70 .param/l "i" 1 6 7, +C4<0111>;
L_0x56120164d420 .functor BUFZ 4, v0x561201643ff0_0, C4<0000>, C4<0000>, C4<0000>;
v0x561201644130_0 .net *"_ivl_2", 3 0, L_0x56120164d420;  1 drivers
v0x561201644210_0 .net "in", 3 0, L_0x56120164d2e0;  1 drivers
v0x561201644300_0 .net "out", 3 0, v0x561201643ff0_0;  1 drivers
S_0x561201643c30 .scope module, "st" "sbox_table" 6 10, 7 1 0, S_0x561201643990;
 .timescale -9 -12;
    .port_info 0 /INPUT 4 "in";
    .port_info 1 /OUTPUT 4 "out";
v0x561201643ef0_0 .net "in", 3 0, L_0x56120164d2e0;  alias, 1 drivers
v0x561201643ff0_0 .var "out", 3 0;
E_0x561201643e70 .event anyedge, v0x561201643ef0_0;
S_0x561201644400 .scope generate, "sbox_gen[8]" "sbox_gen[8]" 6 7, 6 7 0, S_0x56120163f000;
 .timescale -9 -12;
P_0x561201641c00 .param/l "i" 1 6 7, +C4<01000>;
L_0x56120164d5f0 .functor BUFZ 4, v0x561201644a10_0, C4<0000>, C4<0000>, C4<0000>;
v0x561201644b50_0 .net *"_ivl_2", 3 0, L_0x56120164d5f0;  1 drivers
v0x561201644c30_0 .net "in", 3 0, L_0x56120164d500;  1 drivers
v0x561201644d20_0 .net "out", 3 0, v0x561201644a10_0;  1 drivers
S_0x561201644650 .scope module, "st" "sbox_table" 6 10, 7 1 0, S_0x561201644400;
 .timescale -9 -12;
    .port_info 0 /INPUT 4 "in";
    .port_info 1 /OUTPUT 4 "out";
v0x561201644910_0 .net "in", 3 0, L_0x56120164d500;  alias, 1 drivers
v0x561201644a10_0 .var "out", 3 0;
E_0x561201644890 .event anyedge, v0x561201644910_0;
S_0x561201644e20 .scope generate, "sbox_gen[9]" "sbox_gen[9]" 6 7, 6 7 0, S_0x56120163f000;
 .timescale -9 -12;
P_0x561201645000 .param/l "i" 1 6 7, +C4<01001>;
L_0x56120164d820 .functor BUFZ 4, v0x561201645480_0, C4<0000>, C4<0000>, C4<0000>;
v0x5612016455c0_0 .net *"_ivl_2", 3 0, L_0x56120164d820;  1 drivers
v0x5612016456a0_0 .net "in", 3 0, L_0x56120164d6d0;  1 drivers
v0x561201645790_0 .net "out", 3 0, v0x561201645480_0;  1 drivers
S_0x5612016450c0 .scope module, "st" "sbox_table" 6 10, 7 1 0, S_0x561201644e20;
 .timescale -9 -12;
    .port_info 0 /INPUT 4 "in";
    .port_info 1 /OUTPUT 4 "out";
v0x561201645380_0 .net "in", 3 0, L_0x56120164d6d0;  alias, 1 drivers
v0x561201645480_0 .var "out", 3 0;
E_0x561201645300 .event anyedge, v0x561201645380_0;
S_0x561201645890 .scope generate, "sbox_gen[10]" "sbox_gen[10]" 6 7, 6 7 0, S_0x56120163f000;
 .timescale -9 -12;
P_0x561201645a70 .param/l "i" 1 6 7, +C4<01010>;
L_0x56120164d9a0 .functor BUFZ 4, v0x561201645ef0_0, C4<0000>, C4<0000>, C4<0000>;
v0x561201646030_0 .net *"_ivl_2", 3 0, L_0x56120164d9a0;  1 drivers
v0x561201646110_0 .net "in", 3 0, L_0x56120164d8b0;  1 drivers
v0x561201646200_0 .net "out", 3 0, v0x561201645ef0_0;  1 drivers
S_0x561201645b30 .scope module, "st" "sbox_table" 6 10, 7 1 0, S_0x561201645890;
 .timescale -9 -12;
    .port_info 0 /INPUT 4 "in";
    .port_info 1 /OUTPUT 4 "out";
v0x561201645df0_0 .net "in", 3 0, L_0x56120164d8b0;  alias, 1 drivers
v0x561201645ef0_0 .var "out", 3 0;
E_0x561201645d70 .event anyedge, v0x561201645df0_0;
S_0x561201646300 .scope generate, "sbox_gen[11]" "sbox_gen[11]" 6 7, 6 7 0, S_0x56120163f000;
 .timescale -9 -12;
P_0x5612016464e0 .param/l "i" 1 6 7, +C4<01011>;
L_0x56120164dbe0 .functor BUFZ 4, v0x561201646960_0, C4<0000>, C4<0000>, C4<0000>;
v0x561201646aa0_0 .net *"_ivl_2", 3 0, L_0x56120164dbe0;  1 drivers
v0x561201646b80_0 .net "in", 3 0, L_0x56120164da80;  1 drivers
v0x561201646c70_0 .net "out", 3 0, v0x561201646960_0;  1 drivers
S_0x5612016465a0 .scope module, "st" "sbox_table" 6 10, 7 1 0, S_0x561201646300;
 .timescale -9 -12;
    .port_info 0 /INPUT 4 "in";
    .port_info 1 /OUTPUT 4 "out";
v0x561201646860_0 .net "in", 3 0, L_0x56120164da80;  alias, 1 drivers
v0x561201646960_0 .var "out", 3 0;
E_0x5612016467e0 .event anyedge, v0x561201646860_0;
S_0x561201646d70 .scope generate, "sbox_gen[12]" "sbox_gen[12]" 6 7, 6 7 0, S_0x56120163f000;
 .timescale -9 -12;
P_0x561201646f50 .param/l "i" 1 6 7, +C4<01100>;
L_0x56120164ddb0 .functor BUFZ 4, v0x5612016473d0_0, C4<0000>, C4<0000>, C4<0000>;
v0x561201647510_0 .net *"_ivl_2", 3 0, L_0x56120164ddb0;  1 drivers
v0x5612016475f0_0 .net "in", 3 0, L_0x56120164dcc0;  1 drivers
v0x5612016476e0_0 .net "out", 3 0, v0x5612016473d0_0;  1 drivers
S_0x561201647010 .scope module, "st" "sbox_table" 6 10, 7 1 0, S_0x561201646d70;
 .timescale -9 -12;
    .port_info 0 /INPUT 4 "in";
    .port_info 1 /OUTPUT 4 "out";
v0x5612016472d0_0 .net "in", 3 0, L_0x56120164dcc0;  alias, 1 drivers
v0x5612016473d0_0 .var "out", 3 0;
E_0x561201647250 .event anyedge, v0x5612016472d0_0;
S_0x5612016477e0 .scope generate, "sbox_gen[13]" "sbox_gen[13]" 6 7, 6 7 0, S_0x56120163f000;
 .timescale -9 -12;
P_0x5612016479c0 .param/l "i" 1 6 7, +C4<01101>;
L_0x56120164db70 .functor BUFZ 4, v0x561201647e40_0, C4<0000>, C4<0000>, C4<0000>;
v0x561201647f80_0 .net *"_ivl_2", 3 0, L_0x56120164db70;  1 drivers
v0x561201648060_0 .net "in", 3 0, L_0x56120164de90;  1 drivers
v0x561201648150_0 .net "out", 3 0, v0x561201647e40_0;  1 drivers
S_0x561201647a80 .scope module, "st" "sbox_table" 6 10, 7 1 0, S_0x5612016477e0;
 .timescale -9 -12;
    .port_info 0 /INPUT 4 "in";
    .port_info 1 /OUTPUT 4 "out";
v0x561201647d40_0 .net "in", 3 0, L_0x56120164de90;  alias, 1 drivers
v0x561201647e40_0 .var "out", 3 0;
E_0x561201647cc0 .event anyedge, v0x561201647d40_0;
S_0x561201648250 .scope generate, "sbox_gen[14]" "sbox_gen[14]" 6 7, 6 7 0, S_0x56120163f000;
 .timescale -9 -12;
P_0x561201648430 .param/l "i" 1 6 7, +C4<01110>;
L_0x56120164e160 .functor BUFZ 4, v0x5612016488b0_0, C4<0000>, C4<0000>, C4<0000>;
v0x5612016489f0_0 .net *"_ivl_2", 3 0, L_0x56120164e160;  1 drivers
v0x561201648ad0_0 .net "in", 3 0, L_0x56120164e070;  1 drivers
v0x561201648bc0_0 .net "out", 3 0, v0x5612016488b0_0;  1 drivers
S_0x5612016484f0 .scope module, "st" "sbox_table" 6 10, 7 1 0, S_0x561201648250;
 .timescale -9 -12;
    .port_info 0 /INPUT 4 "in";
    .port_info 1 /OUTPUT 4 "out";
v0x5612016487b0_0 .net "in", 3 0, L_0x56120164e070;  alias, 1 drivers
v0x5612016488b0_0 .var "out", 3 0;
E_0x561201648730 .event anyedge, v0x5612016487b0_0;
S_0x561201648cc0 .scope generate, "sbox_gen[15]" "sbox_gen[15]" 6 7, 6 7 0, S_0x56120163f000;
 .timescale -9 -12;
P_0x561201648ea0 .param/l "i" 1 6 7, +C4<01111>;
L_0x56120164e910 .functor BUFZ 4, v0x561201649320_0, C4<0000>, C4<0000>, C4<0000>;
v0x561201649460_0 .net *"_ivl_2", 3 0, L_0x56120164e910;  1 drivers
v0x561201649540_0 .net "in", 3 0, L_0x56120164e240;  1 drivers
v0x561201649630_0 .net "out", 3 0, v0x561201649320_0;  1 drivers
S_0x561201648f60 .scope module, "st" "sbox_table" 6 10, 7 1 0, S_0x561201648cc0;
 .timescale -9 -12;
    .port_info 0 /INPUT 4 "in";
    .port_info 1 /OUTPUT 4 "out";
v0x561201649220_0 .net "in", 3 0, L_0x56120164e240;  alias, 1 drivers
v0x561201649320_0 .var "out", 3 0;
E_0x5612016491a0 .event anyedge, v0x561201649220_0;
S_0x561201649e70 .scope module, "ksc" "key_scheduler" 3 20, 8 1 0, S_0x56120159cab0;
 .timescale -9 -12;
    .port_info 0 /INPUT 1 "clk";
    .port_info 1 /INPUT 1 "enb";
    .port_info 2 /INPUT 1 "load";
    .port_info 3 /INPUT 80 "key_in";
    .port_info 4 /INPUT 5 "count";
    .port_info 5 /OUTPUT 64 "key_out";
v0x56120164a190_0 .net "clk", 0 0, v0x56120164bf90_0;  alias, 1 drivers
v0x56120164a270_0 .net "count", 4 0, v0x56120164b230_0;  1 drivers
v0x56120164a350_0 .net "enb", 0 0, v0x56120164b450_0;  1 drivers
v0x56120164a3f0_0 .net "key_in", 79 0, v0x56120164c4a0_0;  alias, 1 drivers
v0x56120164a4d0_0 .var "key_modified", 79 0;
v0x56120164a600_0 .var "key_out", 63 0;
v0x56120164a6c0_0 .net "load", 0 0, v0x56120164b6d0_0;  1 drivers
v0x56120164a760_0 .var "round_key", 79 0;
v0x56120164a840_0 .var "sbox_in", 3 0;
v0x56120164a9b0_0 .var "sbox_out", 3 0;
E_0x56120164a130/0 .event negedge, v0x56120164a190_0;
E_0x56120164a130/1 .event posedge, v0x56120164a6c0_0;
E_0x56120164a130 .event/or E_0x56120164a130/0, E_0x56120164a130/1;
    .scope S_0x561201649e70;
T_0 ;
    %wait E_0x56120164a130;
    %load/vec4 v0x56120164a6c0_0;
    %flag_set/vec4 8;
    %jmp/0xz  T_0.0, 8;
    %load/vec4 v0x56120164a3f0_0;
    %store/vec4 v0x56120164a760_0, 0, 80;
    %jmp T_0.1;
T_0.0 ;
    %load/vec4 v0x56120164a350_0;
    %flag_set/vec4 8;
    %jmp/0xz  T_0.2, 8;
    %load/vec4 v0x56120164a760_0;
    %parti/s 64, 16, 6;
    %store/vec4 v0x56120164a600_0, 0, 64;
    %load/vec4 v0x56120164a760_0;
    %parti/s 19, 0, 2;
    %load/vec4 v0x56120164a760_0;
    %parti/s 61, 19, 6;
    %concat/vec4; draw_concat_vec4
    %store/vec4 v0x56120164a760_0, 0, 80;
    %load/vec4 v0x56120164a760_0;
    %parti/s 4, 76, 8;
    %store/vec4 v0x56120164a840_0, 0, 4;
    %load/vec4 v0x56120164a760_0;
    %parti/s 60, 20, 6;
    %ix/load 4, 20, 0;
    %flag_set/imm 4, 0;
    %store/vec4 v0x56120164a4d0_0, 4, 60;
    %load/vec4 v0x56120164a760_0;
    %parti/s 5, 15, 5;
    %load/vec4 v0x56120164a270_0;
    %xor;
    %ix/load 4, 15, 0;
    %flag_set/imm 4, 0;
    %store/vec4 v0x56120164a4d0_0, 4, 5;
    %load/vec4 v0x56120164a760_0;
    %parti/s 15, 0, 2;
    %ix/load 4, 0, 0;
    %flag_set/imm 4, 0;
    %store/vec4 v0x56120164a4d0_0, 4, 15;
    %load/vec4 v0x56120164a840_0;
    %dup/vec4;
    %pushi/vec4 0, 0, 4;
    %cmp/u;
    %jmp/1 T_0.4, 6;
    %dup/vec4;
    %pushi/vec4 1, 0, 4;
    %cmp/u;
    %jmp/1 T_0.5, 6;
    %dup/vec4;
    %pushi/vec4 2, 0, 4;
    %cmp/u;
    %jmp/1 T_0.6, 6;
    %dup/vec4;
    %pushi/vec4 3, 0, 4;
    %cmp/u;
    %jmp/1 T_0.7, 6;
    %dup/vec4;
    %pushi/vec4 4, 0, 4;
    %cmp/u;
    %jmp/1 T_0.8, 6;
    %dup/vec4;
    %pushi/vec4 5, 0, 4;
    %cmp/u;
    %jmp/1 T_0.9, 6;
    %dup/vec4;
    %pushi/vec4 6, 0, 4;
    %cmp/u;
    %jmp/1 T_0.10, 6;
    %dup/vec4;
    %pushi/vec4 7, 0, 4;
    %cmp/u;
    %jmp/1 T_0.11, 6;
    %dup/vec4;
    %pushi/vec4 8, 0, 4;
    %cmp/u;
    %jmp/1 T_0.12, 6;
    %dup/vec4;
    %pushi/vec4 9, 0, 4;
    %cmp/u;
    %jmp/1 T_0.13, 6;
    %dup/vec4;
    %pushi/vec4 10, 0, 4;
    %cmp/u;
    %jmp/1 T_0.14, 6;
    %dup/vec4;
    %pushi/vec4 11, 0, 4;
    %cmp/u;
    %jmp/1 T_0.15, 6;
    %dup/vec4;
    %pushi/vec4 12, 0, 4;
    %cmp/u;
    %jmp/1 T_0.16, 6;
    %dup/vec4;
    %pushi/vec4 13, 0, 4;
    %cmp/u;
    %jmp/1 T_0.17, 6;
    %dup/vec4;
    %pushi/vec4 14, 0, 4;
    %cmp/u;
    %jmp/1 T_0.18, 6;
    %dup/vec4;
    %pushi/vec4 15, 0, 4;
    %cmp/u;
    %jmp/1 T_0.19, 6;
    %jmp T_0.20;
T_0.4 ;
    %pushi/vec4 12, 0, 4;
    %store/vec4 v0x56120164a9b0_0, 0, 4;
    %jmp T_0.20;
T_0.5 ;
    %pushi/vec4 5, 0, 4;
    %store/vec4 v0x56120164a9b0_0, 0, 4;
    %jmp T_0.20;
T_0.6 ;
    %pushi/vec4 6, 0, 4;
    %store/vec4 v0x56120164a9b0_0, 0, 4;
    %jmp T_0.20;
T_0.7 ;
    %pushi/vec4 11, 0, 4;
    %store/vec4 v0x56120164a9b0_0, 0, 4;
    %jmp T_0.20;
T_0.8 ;
    %pushi/vec4 9, 0, 4;
    %store/vec4 v0x56120164a9b0_0, 0, 4;
    %jmp T_0.20;
T_0.9 ;
    %pushi/vec4 0, 0, 4;
    %store/vec4 v0x56120164a9b0_0, 0, 4;
    %jmp T_0.20;
T_0.10 ;
    %pushi/vec4 10, 0, 4;
    %store/vec4 v0x56120164a9b0_0, 0, 4;
    %jmp T_0.20;
T_0.11 ;
    %pushi/vec4 13, 0, 4;
    %store/vec4 v0x56120164a9b0_0, 0, 4;
    %jmp T_0.20;
T_0.12 ;
    %pushi/vec4 3, 0, 4;
    %store/vec4 v0x56120164a9b0_0, 0, 4;
    %jmp T_0.20;
T_0.13 ;
    %pushi/vec4 14, 0, 4;
    %store/vec4 v0x56120164a9b0_0, 0, 4;
    %jmp T_0.20;
T_0.14 ;
    %pushi/vec4 15, 0, 4;
    %store/vec4 v0x56120164a9b0_0, 0, 4;
    %jmp T_0.20;
T_0.15 ;
    %pushi/vec4 8, 0, 4;
    %store/vec4 v0x56120164a9b0_0, 0, 4;
    %jmp T_0.20;
T_0.16 ;
    %pushi/vec4 4, 0, 4;
    %store/vec4 v0x56120164a9b0_0, 0, 4;
    %jmp T_0.20;
T_0.17 ;
    %pushi/vec4 7, 0, 4;
    %store/vec4 v0x56120164a9b0_0, 0, 4;
    %jmp T_0.20;
T_0.18 ;
    %pushi/vec4 1, 0, 4;
    %store/vec4 v0x56120164a9b0_0, 0, 4;
    %jmp T_0.20;
T_0.19 ;
    %pushi/vec4 2, 0, 4;
    %store/vec4 v0x56120164a9b0_0, 0, 4;
    %jmp T_0.20;
T_0.20 ;
    %pop/vec4 1;
    %load/vec4 v0x56120164a9b0_0;
    %load/vec4 v0x56120164a4d0_0;
    %parti/s 76, 0, 2;
    %concat/vec4; draw_concat_vec4
    %store/vec4 v0x56120164a760_0, 0, 80;
T_0.2 ;
T_0.1 ;
    %jmp T_0;
    .thread T_0;
    .scope S_0x56120163f490;
T_1 ;
    %wait E_0x5612015efbe0;
    %load/vec4 v0x56120163f6d0_0;
    %dup/vec4;
    %pushi/vec4 0, 0, 4;
    %cmp/u;
    %jmp/1 T_1.0, 6;
    %dup/vec4;
    %pushi/vec4 1, 0, 4;
    %cmp/u;
    %jmp/1 T_1.1, 6;
    %dup/vec4;
    %pushi/vec4 2, 0, 4;
    %cmp/u;
    %jmp/1 T_1.2, 6;
    %dup/vec4;
    %pushi/vec4 3, 0, 4;
    %cmp/u;
    %jmp/1 T_1.3, 6;
    %dup/vec4;
    %pushi/vec4 4, 0, 4;
    %cmp/u;
    %jmp/1 T_1.4, 6;
    %dup/vec4;
    %pushi/vec4 5, 0, 4;
    %cmp/u;
    %jmp/1 T_1.5, 6;
    %dup/vec4;
    %pushi/vec4 6, 0, 4;
    %cmp/u;
    %jmp/1 T_1.6, 6;
    %dup/vec4;
    %pushi/vec4 7, 0, 4;
    %cmp/u;
    %jmp/1 T_1.7, 6;
    %dup/vec4;
    %pushi/vec4 8, 0, 4;
    %cmp/u;
    %jmp/1 T_1.8, 6;
    %dup/vec4;
    %pushi/vec4 9, 0, 4;
    %cmp/u;
    %jmp/1 T_1.9, 6;
    %dup/vec4;
    %pushi/vec4 10, 0, 4;
    %cmp/u;
    %jmp/1 T_1.10, 6;
    %dup/vec4;
    %pushi/vec4 11, 0, 4;
    %cmp/u;
    %jmp/1 T_1.11, 6;
    %dup/vec4;
    %pushi/vec4 12, 0, 4;
    %cmp/u;
    %jmp/1 T_1.12, 6;
    %dup/vec4;
    %pushi/vec4 13, 0, 4;
    %cmp/u;
    %jmp/1 T_1.13, 6;
    %dup/vec4;
    %pushi/vec4 14, 0, 4;
    %cmp/u;
    %jmp/1 T_1.14, 6;
    %dup/vec4;
    %pushi/vec4 15, 0, 4;
    %cmp/u;
    %jmp/1 T_1.15, 6;
    %jmp T_1.16;
T_1.0 ;
    %pushi/vec4 12, 0, 4;
    %store/vec4 v0x56120163f7d0_0, 0, 4;
    %jmp T_1.16;
T_1.1 ;
    %pushi/vec4 5, 0, 4;
    %store/vec4 v0x56120163f7d0_0, 0, 4;
    %jmp T_1.16;
T_1.2 ;
    %pushi/vec4 6, 0, 4;
    %store/vec4 v0x56120163f7d0_0, 0, 4;
    %jmp T_1.16;
T_1.3 ;
    %pushi/vec4 11, 0, 4;
    %store/vec4 v0x56120163f7d0_0, 0, 4;
    %jmp T_1.16;
T_1.4 ;
    %pushi/vec4 9, 0, 4;
    %store/vec4 v0x56120163f7d0_0, 0, 4;
    %jmp T_1.16;
T_1.5 ;
    %pushi/vec4 0, 0, 4;
    %store/vec4 v0x56120163f7d0_0, 0, 4;
    %jmp T_1.16;
T_1.6 ;
    %pushi/vec4 10, 0, 4;
    %store/vec4 v0x56120163f7d0_0, 0, 4;
    %jmp T_1.16;
T_1.7 ;
    %pushi/vec4 13, 0, 4;
    %store/vec4 v0x56120163f7d0_0, 0, 4;
    %jmp T_1.16;
T_1.8 ;
    %pushi/vec4 3, 0, 4;
    %store/vec4 v0x56120163f7d0_0, 0, 4;
    %jmp T_1.16;
T_1.9 ;
    %pushi/vec4 14, 0, 4;
    %store/vec4 v0x56120163f7d0_0, 0, 4;
    %jmp T_1.16;
T_1.10 ;
    %pushi/vec4 15, 0, 4;
    %store/vec4 v0x56120163f7d0_0, 0, 4;
    %jmp T_1.16;
T_1.11 ;
    %pushi/vec4 8, 0, 4;
    %store/vec4 v0x56120163f7d0_0, 0, 4;
    %jmp T_1.16;
T_1.12 ;
    %pushi/vec4 4, 0, 4;
    %store/vec4 v0x56120163f7d0_0, 0, 4;
    %jmp T_1.16;
T_1.13 ;
    %pushi/vec4 7, 0, 4;
    %store/vec4 v0x56120163f7d0_0, 0, 4;
    %jmp T_1.16;
T_1.14 ;
    %pushi/vec4 1, 0, 4;
    %store/vec4 v0x56120163f7d0_0, 0, 4;
    %jmp T_1.16;
T_1.15 ;
    %pushi/vec4 2, 0, 4;
    %store/vec4 v0x56120163f7d0_0, 0, 4;
    %jmp T_1.16;
T_1.16 ;
    %pop/vec4 1;
    %jmp T_1;
    .thread T_1, $push;
    .scope S_0x56120163fe20;
T_2 ;
    %wait E_0x56120160aaf0;
    %load/vec4 v0x561201640060_0;
    %dup/vec4;
    %pushi/vec4 0, 0, 4;
    %cmp/u;
    %jmp/1 T_2.0, 6;
    %dup/vec4;
    %pushi/vec4 1, 0, 4;
    %cmp/u;
    %jmp/1 T_2.1, 6;
    %dup/vec4;
    %pushi/vec4 2, 0, 4;
    %cmp/u;
    %jmp/1 T_2.2, 6;
    %dup/vec4;
    %pushi/vec4 3, 0, 4;
    %cmp/u;
    %jmp/1 T_2.3, 6;
    %dup/vec4;
    %pushi/vec4 4, 0, 4;
    %cmp/u;
    %jmp/1 T_2.4, 6;
    %dup/vec4;
    %pushi/vec4 5, 0, 4;
    %cmp/u;
    %jmp/1 T_2.5, 6;
    %dup/vec4;
    %pushi/vec4 6, 0, 4;
    %cmp/u;
    %jmp/1 T_2.6, 6;
    %dup/vec4;
    %pushi/vec4 7, 0, 4;
    %cmp/u;
    %jmp/1 T_2.7, 6;
    %dup/vec4;
    %pushi/vec4 8, 0, 4;
    %cmp/u;
    %jmp/1 T_2.8, 6;
    %dup/vec4;
    %pushi/vec4 9, 0, 4;
    %cmp/u;
    %jmp/1 T_2.9, 6;
    %dup/vec4;
    %pushi/vec4 10, 0, 4;
    %cmp/u;
    %jmp/1 T_2.10, 6;
    %dup/vec4;
    %pushi/vec4 11, 0, 4;
    %cmp/u;
    %jmp/1 T_2.11, 6;
    %dup/vec4;
    %pushi/vec4 12, 0, 4;
    %cmp/u;
    %jmp/1 T_2.12, 6;
    %dup/vec4;
    %pushi/vec4 13, 0, 4;
    %cmp/u;
    %jmp/1 T_2.13, 6;
    %dup/vec4;
    %pushi/vec4 14, 0, 4;
    %cmp/u;
    %jmp/1 T_2.14, 6;
    %dup/vec4;
    %pushi/vec4 15, 0, 4;
    %cmp/u;
    %jmp/1 T_2.15, 6;
    %jmp T_2.16;
T_2.0 ;
    %pushi/vec4 12, 0, 4;
    %store/vec4 v0x561201640160_0, 0, 4;
    %jmp T_2.16;
T_2.1 ;
    %pushi/vec4 5, 0, 4;
    %store/vec4 v0x561201640160_0, 0, 4;
    %jmp T_2.16;
T_2.2 ;
    %pushi/vec4 6, 0, 4;
    %store/vec4 v0x561201640160_0, 0, 4;
    %jmp T_2.16;
T_2.3 ;
    %pushi/vec4 11, 0, 4;
    %store/vec4 v0x561201640160_0, 0, 4;
    %jmp T_2.16;
T_2.4 ;
    %pushi/vec4 9, 0, 4;
    %store/vec4 v0x561201640160_0, 0, 4;
    %jmp T_2.16;
T_2.5 ;
    %pushi/vec4 0, 0, 4;
    %store/vec4 v0x561201640160_0, 0, 4;
    %jmp T_2.16;
T_2.6 ;
    %pushi/vec4 10, 0, 4;
    %store/vec4 v0x561201640160_0, 0, 4;
    %jmp T_2.16;
T_2.7 ;
    %pushi/vec4 13, 0, 4;
    %store/vec4 v0x561201640160_0, 0, 4;
    %jmp T_2.16;
T_2.8 ;
    %pushi/vec4 3, 0, 4;
    %store/vec4 v0x561201640160_0, 0, 4;
    %jmp T_2.16;
T_2.9 ;
    %pushi/vec4 14, 0, 4;
    %store/vec4 v0x561201640160_0, 0, 4;
    %jmp T_2.16;
T_2.10 ;
    %pushi/vec4 15, 0, 4;
    %store/vec4 v0x561201640160_0, 0, 4;
    %jmp T_2.16;
T_2.11 ;
    %pushi/vec4 8, 0, 4;
    %store/vec4 v0x561201640160_0, 0, 4;
    %jmp T_2.16;
T_2.12 ;
    %pushi/vec4 4, 0, 4;
    %store/vec4 v0x561201640160_0, 0, 4;
    %jmp T_2.16;
T_2.13 ;
    %pushi/vec4 7, 0, 4;
    %store/vec4 v0x561201640160_0, 0, 4;
    %jmp T_2.16;
T_2.14 ;
    %pushi/vec4 1, 0, 4;
    %store/vec4 v0x561201640160_0, 0, 4;
    %jmp T_2.16;
T_2.15 ;
    %pushi/vec4 2, 0, 4;
    %store/vec4 v0x561201640160_0, 0, 4;
    %jmp T_2.16;
T_2.16 ;
    %pop/vec4 1;
    %jmp T_2;
    .thread T_2, $push;
    .scope S_0x561201640820;
T_3 ;
    %wait E_0x561201640a20;
    %load/vec4 v0x561201640aa0_0;
    %dup/vec4;
    %pushi/vec4 0, 0, 4;
    %cmp/u;
    %jmp/1 T_3.0, 6;
    %dup/vec4;
    %pushi/vec4 1, 0, 4;
    %cmp/u;
    %jmp/1 T_3.1, 6;
    %dup/vec4;
    %pushi/vec4 2, 0, 4;
    %cmp/u;
    %jmp/1 T_3.2, 6;
    %dup/vec4;
    %pushi/vec4 3, 0, 4;
    %cmp/u;
    %jmp/1 T_3.3, 6;
    %dup/vec4;
    %pushi/vec4 4, 0, 4;
    %cmp/u;
    %jmp/1 T_3.4, 6;
    %dup/vec4;
    %pushi/vec4 5, 0, 4;
    %cmp/u;
    %jmp/1 T_3.5, 6;
    %dup/vec4;
    %pushi/vec4 6, 0, 4;
    %cmp/u;
    %jmp/1 T_3.6, 6;
    %dup/vec4;
    %pushi/vec4 7, 0, 4;
    %cmp/u;
    %jmp/1 T_3.7, 6;
    %dup/vec4;
    %pushi/vec4 8, 0, 4;
    %cmp/u;
    %jmp/1 T_3.8, 6;
    %dup/vec4;
    %pushi/vec4 9, 0, 4;
    %cmp/u;
    %jmp/1 T_3.9, 6;
    %dup/vec4;
    %pushi/vec4 10, 0, 4;
    %cmp/u;
    %jmp/1 T_3.10, 6;
    %dup/vec4;
    %pushi/vec4 11, 0, 4;
    %cmp/u;
    %jmp/1 T_3.11, 6;
    %dup/vec4;
    %pushi/vec4 12, 0, 4;
    %cmp/u;
    %jmp/1 T_3.12, 6;
    %dup/vec4;
    %pushi/vec4 13, 0, 4;
    %cmp/u;
    %jmp/1 T_3.13, 6;
    %dup/vec4;
    %pushi/vec4 14, 0, 4;
    %cmp/u;
    %jmp/1 T_3.14, 6;
    %dup/vec4;
    %pushi/vec4 15, 0, 4;
    %cmp/u;
    %jmp/1 T_3.15, 6;
    %jmp T_3.16;
T_3.0 ;
    %pushi/vec4 12, 0, 4;
    %store/vec4 v0x561201640ba0_0, 0, 4;
    %jmp T_3.16;
T_3.1 ;
    %pushi/vec4 5, 0, 4;
    %store/vec4 v0x561201640ba0_0, 0, 4;
    %jmp T_3.16;
T_3.2 ;
    %pushi/vec4 6, 0, 4;
    %store/vec4 v0x561201640ba0_0, 0, 4;
    %jmp T_3.16;
T_3.3 ;
    %pushi/vec4 11, 0, 4;
    %store/vec4 v0x561201640ba0_0, 0, 4;
    %jmp T_3.16;
T_3.4 ;
    %pushi/vec4 9, 0, 4;
    %store/vec4 v0x561201640ba0_0, 0, 4;
    %jmp T_3.16;
T_3.5 ;
    %pushi/vec4 0, 0, 4;
    %store/vec4 v0x561201640ba0_0, 0, 4;
    %jmp T_3.16;
T_3.6 ;
    %pushi/vec4 10, 0, 4;
    %store/vec4 v0x561201640ba0_0, 0, 4;
    %jmp T_3.16;
T_3.7 ;
    %pushi/vec4 13, 0, 4;
    %store/vec4 v0x561201640ba0_0, 0, 4;
    %jmp T_3.16;
T_3.8 ;
    %pushi/vec4 3, 0, 4;
    %store/vec4 v0x561201640ba0_0, 0, 4;
    %jmp T_3.16;
T_3.9 ;
    %pushi/vec4 14, 0, 4;
    %store/vec4 v0x561201640ba0_0, 0, 4;
    %jmp T_3.16;
T_3.10 ;
    %pushi/vec4 15, 0, 4;
    %store/vec4 v0x561201640ba0_0, 0, 4;
    %jmp T_3.16;
T_3.11 ;
    %pushi/vec4 8, 0, 4;
    %store/vec4 v0x561201640ba0_0, 0, 4;
    %jmp T_3.16;
T_3.12 ;
    %pushi/vec4 4, 0, 4;
    %store/vec4 v0x561201640ba0_0, 0, 4;
    %jmp T_3.16;
T_3.13 ;
    %pushi/vec4 7, 0, 4;
    %store/vec4 v0x561201640ba0_0, 0, 4;
    %jmp T_3.16;
T_3.14 ;
    %pushi/vec4 1, 0, 4;
    %store/vec4 v0x561201640ba0_0, 0, 4;
    %jmp T_3.16;
T_3.15 ;
    %pushi/vec4 2, 0, 4;
    %store/vec4 v0x561201640ba0_0, 0, 4;
    %jmp T_3.16;
T_3.16 ;
    %pop/vec4 1;
    %jmp T_3;
    .thread T_3, $push;
    .scope S_0x561201641250;
T_4 ;
    %wait E_0x561201641490;
    %load/vec4 v0x561201641510_0;
    %dup/vec4;
    %pushi/vec4 0, 0, 4;
    %cmp/u;
    %jmp/1 T_4.0, 6;
    %dup/vec4;
    %pushi/vec4 1, 0, 4;
    %cmp/u;
    %jmp/1 T_4.1, 6;
    %dup/vec4;
    %pushi/vec4 2, 0, 4;
    %cmp/u;
    %jmp/1 T_4.2, 6;
    %dup/vec4;
    %pushi/vec4 3, 0, 4;
    %cmp/u;
    %jmp/1 T_4.3, 6;
    %dup/vec4;
    %pushi/vec4 4, 0, 4;
    %cmp/u;
    %jmp/1 T_4.4, 6;
    %dup/vec4;
    %pushi/vec4 5, 0, 4;
    %cmp/u;
    %jmp/1 T_4.5, 6;
    %dup/vec4;
    %pushi/vec4 6, 0, 4;
    %cmp/u;
    %jmp/1 T_4.6, 6;
    %dup/vec4;
    %pushi/vec4 7, 0, 4;
    %cmp/u;
    %jmp/1 T_4.7, 6;
    %dup/vec4;
    %pushi/vec4 8, 0, 4;
    %cmp/u;
    %jmp/1 T_4.8, 6;
    %dup/vec4;
    %pushi/vec4 9, 0, 4;
    %cmp/u;
    %jmp/1 T_4.9, 6;
    %dup/vec4;
    %pushi/vec4 10, 0, 4;
    %cmp/u;
    %jmp/1 T_4.10, 6;
    %dup/vec4;
    %pushi/vec4 11, 0, 4;
    %cmp/u;
    %jmp/1 T_4.11, 6;
    %dup/vec4;
    %pushi/vec4 12, 0, 4;
    %cmp/u;
    %jmp/1 T_4.12, 6;
    %dup/vec4;
    %pushi/vec4 13, 0, 4;
    %cmp/u;
    %jmp/1 T_4.13, 6;
    %dup/vec4;
    %pushi/vec4 14, 0, 4;
    %cmp/u;
    %jmp/1 T_4.14, 6;
    %dup/vec4;
    %pushi/vec4 15, 0, 4;
    %cmp/u;
    %jmp/1 T_4.15, 6;
    %jmp T_4.16;
T_4.0 ;
    %pushi/vec4 12, 0, 4;
    %store/vec4 v0x561201641610_0, 0, 4;
    %jmp T_4.16;
T_4.1 ;
    %pushi/vec4 5, 0, 4;
    %store/vec4 v0x561201641610_0, 0, 4;
    %jmp T_4.16;
T_4.2 ;
    %pushi/vec4 6, 0, 4;
    %store/vec4 v0x561201641610_0, 0, 4;
    %jmp T_4.16;
T_4.3 ;
    %pushi/vec4 11, 0, 4;
    %store/vec4 v0x561201641610_0, 0, 4;
    %jmp T_4.16;
T_4.4 ;
    %pushi/vec4 9, 0, 4;
    %store/vec4 v0x561201641610_0, 0, 4;
    %jmp T_4.16;
T_4.5 ;
    %pushi/vec4 0, 0, 4;
    %store/vec4 v0x561201641610_0, 0, 4;
    %jmp T_4.16;
T_4.6 ;
    %pushi/vec4 10, 0, 4;
    %store/vec4 v0x561201641610_0, 0, 4;
    %jmp T_4.16;
T_4.7 ;
    %pushi/vec4 13, 0, 4;
    %store/vec4 v0x561201641610_0, 0, 4;
    %jmp T_4.16;
T_4.8 ;
    %pushi/vec4 3, 0, 4;
    %store/vec4 v0x561201641610_0, 0, 4;
    %jmp T_4.16;
T_4.9 ;
    %pushi/vec4 14, 0, 4;
    %store/vec4 v0x561201641610_0, 0, 4;
    %jmp T_4.16;
T_4.10 ;
    %pushi/vec4 15, 0, 4;
    %store/vec4 v0x561201641610_0, 0, 4;
    %jmp T_4.16;
T_4.11 ;
    %pushi/vec4 8, 0, 4;
    %store/vec4 v0x561201641610_0, 0, 4;
    %jmp T_4.16;
T_4.12 ;
    %pushi/vec4 4, 0, 4;
    %store/vec4 v0x561201641610_0, 0, 4;
    %jmp T_4.16;
T_4.13 ;
    %pushi/vec4 7, 0, 4;
    %store/vec4 v0x561201641610_0, 0, 4;
    %jmp T_4.16;
T_4.14 ;
    %pushi/vec4 1, 0, 4;
    %store/vec4 v0x561201641610_0, 0, 4;
    %jmp T_4.16;
T_4.15 ;
    %pushi/vec4 2, 0, 4;
    %store/vec4 v0x561201641610_0, 0, 4;
    %jmp T_4.16;
T_4.16 ;
    %pop/vec4 1;
    %jmp T_4;
    .thread T_4, $push;
    .scope S_0x561201641d10;
T_5 ;
    %wait E_0x561201641f50;
    %load/vec4 v0x561201641fd0_0;
    %dup/vec4;
    %pushi/vec4 0, 0, 4;
    %cmp/u;
    %jmp/1 T_5.0, 6;
    %dup/vec4;
    %pushi/vec4 1, 0, 4;
    %cmp/u;
    %jmp/1 T_5.1, 6;
    %dup/vec4;
    %pushi/vec4 2, 0, 4;
    %cmp/u;
    %jmp/1 T_5.2, 6;
    %dup/vec4;
    %pushi/vec4 3, 0, 4;
    %cmp/u;
    %jmp/1 T_5.3, 6;
    %dup/vec4;
    %pushi/vec4 4, 0, 4;
    %cmp/u;
    %jmp/1 T_5.4, 6;
    %dup/vec4;
    %pushi/vec4 5, 0, 4;
    %cmp/u;
    %jmp/1 T_5.5, 6;
    %dup/vec4;
    %pushi/vec4 6, 0, 4;
    %cmp/u;
    %jmp/1 T_5.6, 6;
    %dup/vec4;
    %pushi/vec4 7, 0, 4;
    %cmp/u;
    %jmp/1 T_5.7, 6;
    %dup/vec4;
    %pushi/vec4 8, 0, 4;
    %cmp/u;
    %jmp/1 T_5.8, 6;
    %dup/vec4;
    %pushi/vec4 9, 0, 4;
    %cmp/u;
    %jmp/1 T_5.9, 6;
    %dup/vec4;
    %pushi/vec4 10, 0, 4;
    %cmp/u;
    %jmp/1 T_5.10, 6;
    %dup/vec4;
    %pushi/vec4 11, 0, 4;
    %cmp/u;
    %jmp/1 T_5.11, 6;
    %dup/vec4;
    %pushi/vec4 12, 0, 4;
    %cmp/u;
    %jmp/1 T_5.12, 6;
    %dup/vec4;
    %pushi/vec4 13, 0, 4;
    %cmp/u;
    %jmp/1 T_5.13, 6;
    %dup/vec4;
    %pushi/vec4 14, 0, 4;
    %cmp/u;
    %jmp/1 T_5.14, 6;
    %dup/vec4;
    %pushi/vec4 15, 0, 4;
    %cmp/u;
    %jmp/1 T_5.15, 6;
    %jmp T_5.16;
T_5.0 ;
    %pushi/vec4 12, 0, 4;
    %store/vec4 v0x5612016420d0_0, 0, 4;
    %jmp T_5.16;
T_5.1 ;
    %pushi/vec4 5, 0, 4;
    %store/vec4 v0x5612016420d0_0, 0, 4;
    %jmp T_5.16;
T_5.2 ;
    %pushi/vec4 6, 0, 4;
    %store/vec4 v0x5612016420d0_0, 0, 4;
    %jmp T_5.16;
T_5.3 ;
    %pushi/vec4 11, 0, 4;
    %store/vec4 v0x5612016420d0_0, 0, 4;
    %jmp T_5.16;
T_5.4 ;
    %pushi/vec4 9, 0, 4;
    %store/vec4 v0x5612016420d0_0, 0, 4;
    %jmp T_5.16;
T_5.5 ;
    %pushi/vec4 0, 0, 4;
    %store/vec4 v0x5612016420d0_0, 0, 4;
    %jmp T_5.16;
T_5.6 ;
    %pushi/vec4 10, 0, 4;
    %store/vec4 v0x5612016420d0_0, 0, 4;
    %jmp T_5.16;
T_5.7 ;
    %pushi/vec4 13, 0, 4;
    %store/vec4 v0x5612016420d0_0, 0, 4;
    %jmp T_5.16;
T_5.8 ;
    %pushi/vec4 3, 0, 4;
    %store/vec4 v0x5612016420d0_0, 0, 4;
    %jmp T_5.16;
T_5.9 ;
    %pushi/vec4 14, 0, 4;
    %store/vec4 v0x5612016420d0_0, 0, 4;
    %jmp T_5.16;
T_5.10 ;
    %pushi/vec4 15, 0, 4;
    %store/vec4 v0x5612016420d0_0, 0, 4;
    %jmp T_5.16;
T_5.11 ;
    %pushi/vec4 8, 0, 4;
    %store/vec4 v0x5612016420d0_0, 0, 4;
    %jmp T_5.16;
T_5.12 ;
    %pushi/vec4 4, 0, 4;
    %store/vec4 v0x5612016420d0_0, 0, 4;
    %jmp T_5.16;
T_5.13 ;
    %pushi/vec4 7, 0, 4;
    %store/vec4 v0x5612016420d0_0, 0, 4;
    %jmp T_5.16;
T_5.14 ;
    %pushi/vec4 1, 0, 4;
    %store/vec4 v0x5612016420d0_0, 0, 4;
    %jmp T_5.16;
T_5.15 ;
    %pushi/vec4 2, 0, 4;
    %store/vec4 v0x5612016420d0_0, 0, 4;
    %jmp T_5.16;
T_5.16 ;
    %pop/vec4 1;
    %jmp T_5;
    .thread T_5, $push;
    .scope S_0x561201642750;
T_6 ;
    %wait E_0x561201642990;
    %load/vec4 v0x561201642a10_0;
    %dup/vec4;
    %pushi/vec4 0, 0, 4;
    %cmp/u;
    %jmp/1 T_6.0, 6;
    %dup/vec4;
    %pushi/vec4 1, 0, 4;
    %cmp/u;
    %jmp/1 T_6.1, 6;
    %dup/vec4;
    %pushi/vec4 2, 0, 4;
    %cmp/u;
    %jmp/1 T_6.2, 6;
    %dup/vec4;
    %pushi/vec4 3, 0, 4;
    %cmp/u;
    %jmp/1 T_6.3, 6;
    %dup/vec4;
    %pushi/vec4 4, 0, 4;
    %cmp/u;
    %jmp/1 T_6.4, 6;
    %dup/vec4;
    %pushi/vec4 5, 0, 4;
    %cmp/u;
    %jmp/1 T_6.5, 6;
    %dup/vec4;
    %pushi/vec4 6, 0, 4;
    %cmp/u;
    %jmp/1 T_6.6, 6;
    %dup/vec4;
    %pushi/vec4 7, 0, 4;
    %cmp/u;
    %jmp/1 T_6.7, 6;
    %dup/vec4;
    %pushi/vec4 8, 0, 4;
    %cmp/u;
    %jmp/1 T_6.8, 6;
    %dup/vec4;
    %pushi/vec4 9, 0, 4;
    %cmp/u;
    %jmp/1 T_6.9, 6;
    %dup/vec4;
    %pushi/vec4 10, 0, 4;
    %cmp/u;
    %jmp/1 T_6.10, 6;
    %dup/vec4;
    %pushi/vec4 11, 0, 4;
    %cmp/u;
    %jmp/1 T_6.11, 6;
    %dup/vec4;
    %pushi/vec4 12, 0, 4;
    %cmp/u;
    %jmp/1 T_6.12, 6;
    %dup/vec4;
    %pushi/vec4 13, 0, 4;
    %cmp/u;
    %jmp/1 T_6.13, 6;
    %dup/vec4;
    %pushi/vec4 14, 0, 4;
    %cmp/u;
    %jmp/1 T_6.14, 6;
    %dup/vec4;
    %pushi/vec4 15, 0, 4;
    %cmp/u;
    %jmp/1 T_6.15, 6;
    %jmp T_6.16;
T_6.0 ;
    %pushi/vec4 12, 0, 4;
    %store/vec4 v0x561201642b10_0, 0, 4;
    %jmp T_6.16;
T_6.1 ;
    %pushi/vec4 5, 0, 4;
    %store/vec4 v0x561201642b10_0, 0, 4;
    %jmp T_6.16;
T_6.2 ;
    %pushi/vec4 6, 0, 4;
    %store/vec4 v0x561201642b10_0, 0, 4;
    %jmp T_6.16;
T_6.3 ;
    %pushi/vec4 11, 0, 4;
    %store/vec4 v0x561201642b10_0, 0, 4;
    %jmp T_6.16;
T_6.4 ;
    %pushi/vec4 9, 0, 4;
    %store/vec4 v0x561201642b10_0, 0, 4;
    %jmp T_6.16;
T_6.5 ;
    %pushi/vec4 0, 0, 4;
    %store/vec4 v0x561201642b10_0, 0, 4;
    %jmp T_6.16;
T_6.6 ;
    %pushi/vec4 10, 0, 4;
    %store/vec4 v0x561201642b10_0, 0, 4;
    %jmp T_6.16;
T_6.7 ;
    %pushi/vec4 13, 0, 4;
    %store/vec4 v0x561201642b10_0, 0, 4;
    %jmp T_6.16;
T_6.8 ;
    %pushi/vec4 3, 0, 4;
    %store/vec4 v0x561201642b10_0, 0, 4;
    %jmp T_6.16;
T_6.9 ;
    %pushi/vec4 14, 0, 4;
    %store/vec4 v0x561201642b10_0, 0, 4;
    %jmp T_6.16;
T_6.10 ;
    %pushi/vec4 15, 0, 4;
    %store/vec4 v0x561201642b10_0, 0, 4;
    %jmp T_6.16;
T_6.11 ;
    %pushi/vec4 8, 0, 4;
    %store/vec4 v0x561201642b10_0, 0, 4;
    %jmp T_6.16;
T_6.12 ;
    %pushi/vec4 4, 0, 4;
    %store/vec4 v0x561201642b10_0, 0, 4;
    %jmp T_6.16;
T_6.13 ;
    %pushi/vec4 7, 0, 4;
    %store/vec4 v0x561201642b10_0, 0, 4;
    %jmp T_6.16;
T_6.14 ;
    %pushi/vec4 1, 0, 4;
    %store/vec4 v0x561201642b10_0, 0, 4;
    %jmp T_6.16;
T_6.15 ;
    %pushi/vec4 2, 0, 4;
    %store/vec4 v0x561201642b10_0, 0, 4;
    %jmp T_6.16;
T_6.16 ;
    %pop/vec4 1;
    %jmp T_6;
    .thread T_6, $push;
    .scope S_0x5612016431c0;
T_7 ;
    %wait E_0x561201643400;
    %load/vec4 v0x561201643480_0;
    %dup/vec4;
    %pushi/vec4 0, 0, 4;
    %cmp/u;
    %jmp/1 T_7.0, 6;
    %dup/vec4;
    %pushi/vec4 1, 0, 4;
    %cmp/u;
    %jmp/1 T_7.1, 6;
    %dup/vec4;
    %pushi/vec4 2, 0, 4;
    %cmp/u;
    %jmp/1 T_7.2, 6;
    %dup/vec4;
    %pushi/vec4 3, 0, 4;
    %cmp/u;
    %jmp/1 T_7.3, 6;
    %dup/vec4;
    %pushi/vec4 4, 0, 4;
    %cmp/u;
    %jmp/1 T_7.4, 6;
    %dup/vec4;
    %pushi/vec4 5, 0, 4;
    %cmp/u;
    %jmp/1 T_7.5, 6;
    %dup/vec4;
    %pushi/vec4 6, 0, 4;
    %cmp/u;
    %jmp/1 T_7.6, 6;
    %dup/vec4;
    %pushi/vec4 7, 0, 4;
    %cmp/u;
    %jmp/1 T_7.7, 6;
    %dup/vec4;
    %pushi/vec4 8, 0, 4;
    %cmp/u;
    %jmp/1 T_7.8, 6;
    %dup/vec4;
    %pushi/vec4 9, 0, 4;
    %cmp/u;
    %jmp/1 T_7.9, 6;
    %dup/vec4;
    %pushi/vec4 10, 0, 4;
    %cmp/u;
    %jmp/1 T_7.10, 6;
    %dup/vec4;
    %pushi/vec4 11, 0, 4;
    %cmp/u;
    %jmp/1 T_7.11, 6;
    %dup/vec4;
    %pushi/vec4 12, 0, 4;
    %cmp/u;
    %jmp/1 T_7.12, 6;
    %dup/vec4;
    %pushi/vec4 13, 0, 4;
    %cmp/u;
    %jmp/1 T_7.13, 6;
    %dup/vec4;
    %pushi/vec4 14, 0, 4;
    %cmp/u;
    %jmp/1 T_7.14, 6;
    %dup/vec4;
    %pushi/vec4 15, 0, 4;
    %cmp/u;
    %jmp/1 T_7.15, 6;
    %jmp T_7.16;
T_7.0 ;
    %pushi/vec4 12, 0, 4;
    %store/vec4 v0x561201643580_0, 0, 4;
    %jmp T_7.16;
T_7.1 ;
    %pushi/vec4 5, 0, 4;
    %store/vec4 v0x561201643580_0, 0, 4;
    %jmp T_7.16;
T_7.2 ;
    %pushi/vec4 6, 0, 4;
    %store/vec4 v0x561201643580_0, 0, 4;
    %jmp T_7.16;
T_7.3 ;
    %pushi/vec4 11, 0, 4;
    %store/vec4 v0x561201643580_0, 0, 4;
    %jmp T_7.16;
T_7.4 ;
    %pushi/vec4 9, 0, 4;
    %store/vec4 v0x561201643580_0, 0, 4;
    %jmp T_7.16;
T_7.5 ;
    %pushi/vec4 0, 0, 4;
    %store/vec4 v0x561201643580_0, 0, 4;
    %jmp T_7.16;
T_7.6 ;
    %pushi/vec4 10, 0, 4;
    %store/vec4 v0x561201643580_0, 0, 4;
    %jmp T_7.16;
T_7.7 ;
    %pushi/vec4 13, 0, 4;
    %store/vec4 v0x561201643580_0, 0, 4;
    %jmp T_7.16;
T_7.8 ;
    %pushi/vec4 3, 0, 4;
    %store/vec4 v0x561201643580_0, 0, 4;
    %jmp T_7.16;
T_7.9 ;
    %pushi/vec4 14, 0, 4;
    %store/vec4 v0x561201643580_0, 0, 4;
    %jmp T_7.16;
T_7.10 ;
    %pushi/vec4 15, 0, 4;
    %store/vec4 v0x561201643580_0, 0, 4;
    %jmp T_7.16;
T_7.11 ;
    %pushi/vec4 8, 0, 4;
    %store/vec4 v0x561201643580_0, 0, 4;
    %jmp T_7.16;
T_7.12 ;
    %pushi/vec4 4, 0, 4;
    %store/vec4 v0x561201643580_0, 0, 4;
    %jmp T_7.16;
T_7.13 ;
    %pushi/vec4 7, 0, 4;
    %store/vec4 v0x561201643580_0, 0, 4;
    %jmp T_7.16;
T_7.14 ;
    %pushi/vec4 1, 0, 4;
    %store/vec4 v0x561201643580_0, 0, 4;
    %jmp T_7.16;
T_7.15 ;
    %pushi/vec4 2, 0, 4;
    %store/vec4 v0x561201643580_0, 0, 4;
    %jmp T_7.16;
T_7.16 ;
    %pop/vec4 1;
    %jmp T_7;
    .thread T_7, $push;
    .scope S_0x561201643c30;
T_8 ;
    %wait E_0x561201643e70;
    %load/vec4 v0x561201643ef0_0;
    %dup/vec4;
    %pushi/vec4 0, 0, 4;
    %cmp/u;
    %jmp/1 T_8.0, 6;
    %dup/vec4;
    %pushi/vec4 1, 0, 4;
    %cmp/u;
    %jmp/1 T_8.1, 6;
    %dup/vec4;
    %pushi/vec4 2, 0, 4;
    %cmp/u;
    %jmp/1 T_8.2, 6;
    %dup/vec4;
    %pushi/vec4 3, 0, 4;
    %cmp/u;
    %jmp/1 T_8.3, 6;
    %dup/vec4;
    %pushi/vec4 4, 0, 4;
    %cmp/u;
    %jmp/1 T_8.4, 6;
    %dup/vec4;
    %pushi/vec4 5, 0, 4;
    %cmp/u;
    %jmp/1 T_8.5, 6;
    %dup/vec4;
    %pushi/vec4 6, 0, 4;
    %cmp/u;
    %jmp/1 T_8.6, 6;
    %dup/vec4;
    %pushi/vec4 7, 0, 4;
    %cmp/u;
    %jmp/1 T_8.7, 6;
    %dup/vec4;
    %pushi/vec4 8, 0, 4;
    %cmp/u;
    %jmp/1 T_8.8, 6;
    %dup/vec4;
    %pushi/vec4 9, 0, 4;
    %cmp/u;
    %jmp/1 T_8.9, 6;
    %dup/vec4;
    %pushi/vec4 10, 0, 4;
    %cmp/u;
    %jmp/1 T_8.10, 6;
    %dup/vec4;
    %pushi/vec4 11, 0, 4;
    %cmp/u;
    %jmp/1 T_8.11, 6;
    %dup/vec4;
    %pushi/vec4 12, 0, 4;
    %cmp/u;
    %jmp/1 T_8.12, 6;
    %dup/vec4;
    %pushi/vec4 13, 0, 4;
    %cmp/u;
    %jmp/1 T_8.13, 6;
    %dup/vec4;
    %pushi/vec4 14, 0, 4;
    %cmp/u;
    %jmp/1 T_8.14, 6;
    %dup/vec4;
    %pushi/vec4 15, 0, 4;
    %cmp/u;
    %jmp/1 T_8.15, 6;
    %jmp T_8.16;
T_8.0 ;
    %pushi/vec4 12, 0, 4;
    %store/vec4 v0x561201643ff0_0, 0, 4;
    %jmp T_8.16;
T_8.1 ;
    %pushi/vec4 5, 0, 4;
    %store/vec4 v0x561201643ff0_0, 0, 4;
    %jmp T_8.16;
T_8.2 ;
    %pushi/vec4 6, 0, 4;
    %store/vec4 v0x561201643ff0_0, 0, 4;
    %jmp T_8.16;
T_8.3 ;
    %pushi/vec4 11, 0, 4;
    %store/vec4 v0x561201643ff0_0, 0, 4;
    %jmp T_8.16;
T_8.4 ;
    %pushi/vec4 9, 0, 4;
    %store/vec4 v0x561201643ff0_0, 0, 4;
    %jmp T_8.16;
T_8.5 ;
    %pushi/vec4 0, 0, 4;
    %store/vec4 v0x561201643ff0_0, 0, 4;
    %jmp T_8.16;
T_8.6 ;
    %pushi/vec4 10, 0, 4;
    %store/vec4 v0x561201643ff0_0, 0, 4;
    %jmp T_8.16;
T_8.7 ;
    %pushi/vec4 13, 0, 4;
    %store/vec4 v0x561201643ff0_0, 0, 4;
    %jmp T_8.16;
T_8.8 ;
    %pushi/vec4 3, 0, 4;
    %store/vec4 v0x561201643ff0_0, 0, 4;
    %jmp T_8.16;
T_8.9 ;
    %pushi/vec4 14, 0, 4;
    %store/vec4 v0x561201643ff0_0, 0, 4;
    %jmp T_8.16;
T_8.10 ;
    %pushi/vec4 15, 0, 4;
    %store/vec4 v0x561201643ff0_0, 0, 4;
    %jmp T_8.16;
T_8.11 ;
    %pushi/vec4 8, 0, 4;
    %store/vec4 v0x561201643ff0_0, 0, 4;
    %jmp T_8.16;
T_8.12 ;
    %pushi/vec4 4, 0, 4;
    %store/vec4 v0x561201643ff0_0, 0, 4;
    %jmp T_8.16;
T_8.13 ;
    %pushi/vec4 7, 0, 4;
    %store/vec4 v0x561201643ff0_0, 0, 4;
    %jmp T_8.16;
T_8.14 ;
    %pushi/vec4 1, 0, 4;
    %store/vec4 v0x561201643ff0_0, 0, 4;
    %jmp T_8.16;
T_8.15 ;
    %pushi/vec4 2, 0, 4;
    %store/vec4 v0x561201643ff0_0, 0, 4;
    %jmp T_8.16;
T_8.16 ;
    %pop/vec4 1;
    %jmp T_8;
    .thread T_8, $push;
    .scope S_0x561201644650;
T_9 ;
    %wait E_0x561201644890;
    %load/vec4 v0x561201644910_0;
    %dup/vec4;
    %pushi/vec4 0, 0, 4;
    %cmp/u;
    %jmp/1 T_9.0, 6;
    %dup/vec4;
    %pushi/vec4 1, 0, 4;
    %cmp/u;
    %jmp/1 T_9.1, 6;
    %dup/vec4;
    %pushi/vec4 2, 0, 4;
    %cmp/u;
    %jmp/1 T_9.2, 6;
    %dup/vec4;
    %pushi/vec4 3, 0, 4;
    %cmp/u;
    %jmp/1 T_9.3, 6;
    %dup/vec4;
    %pushi/vec4 4, 0, 4;
    %cmp/u;
    %jmp/1 T_9.4, 6;
    %dup/vec4;
    %pushi/vec4 5, 0, 4;
    %cmp/u;
    %jmp/1 T_9.5, 6;
    %dup/vec4;
    %pushi/vec4 6, 0, 4;
    %cmp/u;
    %jmp/1 T_9.6, 6;
    %dup/vec4;
    %pushi/vec4 7, 0, 4;
    %cmp/u;
    %jmp/1 T_9.7, 6;
    %dup/vec4;
    %pushi/vec4 8, 0, 4;
    %cmp/u;
    %jmp/1 T_9.8, 6;
    %dup/vec4;
    %pushi/vec4 9, 0, 4;
    %cmp/u;
    %jmp/1 T_9.9, 6;
    %dup/vec4;
    %pushi/vec4 10, 0, 4;
    %cmp/u;
    %jmp/1 T_9.10, 6;
    %dup/vec4;
    %pushi/vec4 11, 0, 4;
    %cmp/u;
    %jmp/1 T_9.11, 6;
    %dup/vec4;
    %pushi/vec4 12, 0, 4;
    %cmp/u;
    %jmp/1 T_9.12, 6;
    %dup/vec4;
    %pushi/vec4 13, 0, 4;
    %cmp/u;
    %jmp/1 T_9.13, 6;
    %dup/vec4;
    %pushi/vec4 14, 0, 4;
    %cmp/u;
    %jmp/1 T_9.14, 6;
    %dup/vec4;
    %pushi/vec4 15, 0, 4;
    %cmp/u;
    %jmp/1 T_9.15, 6;
    %jmp T_9.16;
T_9.0 ;
    %pushi/vec4 12, 0, 4;
    %store/vec4 v0x561201644a10_0, 0, 4;
    %jmp T_9.16;
T_9.1 ;
    %pushi/vec4 5, 0, 4;
    %store/vec4 v0x561201644a10_0, 0, 4;
    %jmp T_9.16;
T_9.2 ;
    %pushi/vec4 6, 0, 4;
    %store/vec4 v0x561201644a10_0, 0, 4;
    %jmp T_9.16;
T_9.3 ;
    %pushi/vec4 11, 0, 4;
    %store/vec4 v0x561201644a10_0, 0, 4;
    %jmp T_9.16;
T_9.4 ;
    %pushi/vec4 9, 0, 4;
    %store/vec4 v0x561201644a10_0, 0, 4;
    %jmp T_9.16;
T_9.5 ;
    %pushi/vec4 0, 0, 4;
    %store/vec4 v0x561201644a10_0, 0, 4;
    %jmp T_9.16;
T_9.6 ;
    %pushi/vec4 10, 0, 4;
    %store/vec4 v0x561201644a10_0, 0, 4;
    %jmp T_9.16;
T_9.7 ;
    %pushi/vec4 13, 0, 4;
    %store/vec4 v0x561201644a10_0, 0, 4;
    %jmp T_9.16;
T_9.8 ;
    %pushi/vec4 3, 0, 4;
    %store/vec4 v0x561201644a10_0, 0, 4;
    %jmp T_9.16;
T_9.9 ;
    %pushi/vec4 14, 0, 4;
    %store/vec4 v0x561201644a10_0, 0, 4;
    %jmp T_9.16;
T_9.10 ;
    %pushi/vec4 15, 0, 4;
    %store/vec4 v0x561201644a10_0, 0, 4;
    %jmp T_9.16;
T_9.11 ;
    %pushi/vec4 8, 0, 4;
    %store/vec4 v0x561201644a10_0, 0, 4;
    %jmp T_9.16;
T_9.12 ;
    %pushi/vec4 4, 0, 4;
    %store/vec4 v0x561201644a10_0, 0, 4;
    %jmp T_9.16;
T_9.13 ;
    %pushi/vec4 7, 0, 4;
    %store/vec4 v0x561201644a10_0, 0, 4;
    %jmp T_9.16;
T_9.14 ;
    %pushi/vec4 1, 0, 4;
    %store/vec4 v0x561201644a10_0, 0, 4;
    %jmp T_9.16;
T_9.15 ;
    %pushi/vec4 2, 0, 4;
    %store/vec4 v0x561201644a10_0, 0, 4;
    %jmp T_9.16;
T_9.16 ;
    %pop/vec4 1;
    %jmp T_9;
    .thread T_9, $push;
    .scope S_0x5612016450c0;
T_10 ;
    %wait E_0x561201645300;
    %load/vec4 v0x561201645380_0;
    %dup/vec4;
    %pushi/vec4 0, 0, 4;
    %cmp/u;
    %jmp/1 T_10.0, 6;
    %dup/vec4;
    %pushi/vec4 1, 0, 4;
    %cmp/u;
    %jmp/1 T_10.1, 6;
    %dup/vec4;
    %pushi/vec4 2, 0, 4;
    %cmp/u;
    %jmp/1 T_10.2, 6;
    %dup/vec4;
    %pushi/vec4 3, 0, 4;
    %cmp/u;
    %jmp/1 T_10.3, 6;
    %dup/vec4;
    %pushi/vec4 4, 0, 4;
    %cmp/u;
    %jmp/1 T_10.4, 6;
    %dup/vec4;
    %pushi/vec4 5, 0, 4;
    %cmp/u;
    %jmp/1 T_10.5, 6;
    %dup/vec4;
    %pushi/vec4 6, 0, 4;
    %cmp/u;
    %jmp/1 T_10.6, 6;
    %dup/vec4;
    %pushi/vec4 7, 0, 4;
    %cmp/u;
    %jmp/1 T_10.7, 6;
    %dup/vec4;
    %pushi/vec4 8, 0, 4;
    %cmp/u;
    %jmp/1 T_10.8, 6;
    %dup/vec4;
    %pushi/vec4 9, 0, 4;
    %cmp/u;
    %jmp/1 T_10.9, 6;
    %dup/vec4;
    %pushi/vec4 10, 0, 4;
    %cmp/u;
    %jmp/1 T_10.10, 6;
    %dup/vec4;
    %pushi/vec4 11, 0, 4;
    %cmp/u;
    %jmp/1 T_10.11, 6;
    %dup/vec4;
    %pushi/vec4 12, 0, 4;
    %cmp/u;
    %jmp/1 T_10.12, 6;
    %dup/vec4;
    %pushi/vec4 13, 0, 4;
    %cmp/u;
    %jmp/1 T_10.13, 6;
    %dup/vec4;
    %pushi/vec4 14, 0, 4;
    %cmp/u;
    %jmp/1 T_10.14, 6;
    %dup/vec4;
    %pushi/vec4 15, 0, 4;
    %cmp/u;
    %jmp/1 T_10.15, 6;
    %jmp T_10.16;
T_10.0 ;
    %pushi/vec4 12, 0, 4;
    %store/vec4 v0x561201645480_0, 0, 4;
    %jmp T_10.16;
T_10.1 ;
    %pushi/vec4 5, 0, 4;
    %store/vec4 v0x561201645480_0, 0, 4;
    %jmp T_10.16;
T_10.2 ;
    %pushi/vec4 6, 0, 4;
    %store/vec4 v0x561201645480_0, 0, 4;
    %jmp T_10.16;
T_10.3 ;
    %pushi/vec4 11, 0, 4;
    %store/vec4 v0x561201645480_0, 0, 4;
    %jmp T_10.16;
T_10.4 ;
    %pushi/vec4 9, 0, 4;
    %store/vec4 v0x561201645480_0, 0, 4;
    %jmp T_10.16;
T_10.5 ;
    %pushi/vec4 0, 0, 4;
    %store/vec4 v0x561201645480_0, 0, 4;
    %jmp T_10.16;
T_10.6 ;
    %pushi/vec4 10, 0, 4;
    %store/vec4 v0x561201645480_0, 0, 4;
    %jmp T_10.16;
T_10.7 ;
    %pushi/vec4 13, 0, 4;
    %store/vec4 v0x561201645480_0, 0, 4;
    %jmp T_10.16;
T_10.8 ;
    %pushi/vec4 3, 0, 4;
    %store/vec4 v0x561201645480_0, 0, 4;
    %jmp T_10.16;
T_10.9 ;
    %pushi/vec4 14, 0, 4;
    %store/vec4 v0x561201645480_0, 0, 4;
    %jmp T_10.16;
T_10.10 ;
    %pushi/vec4 15, 0, 4;
    %store/vec4 v0x561201645480_0, 0, 4;
    %jmp T_10.16;
T_10.11 ;
    %pushi/vec4 8, 0, 4;
    %store/vec4 v0x561201645480_0, 0, 4;
    %jmp T_10.16;
T_10.12 ;
    %pushi/vec4 4, 0, 4;
    %store/vec4 v0x561201645480_0, 0, 4;
    %jmp T_10.16;
T_10.13 ;
    %pushi/vec4 7, 0, 4;
    %store/vec4 v0x561201645480_0, 0, 4;
    %jmp T_10.16;
T_10.14 ;
    %pushi/vec4 1, 0, 4;
    %store/vec4 v0x561201645480_0, 0, 4;
    %jmp T_10.16;
T_10.15 ;
    %pushi/vec4 2, 0, 4;
    %store/vec4 v0x561201645480_0, 0, 4;
    %jmp T_10.16;
T_10.16 ;
    %pop/vec4 1;
    %jmp T_10;
    .thread T_10, $push;
    .scope S_0x561201645b30;
T_11 ;
    %wait E_0x561201645d70;
    %load/vec4 v0x561201645df0_0;
    %dup/vec4;
    %pushi/vec4 0, 0, 4;
    %cmp/u;
    %jmp/1 T_11.0, 6;
    %dup/vec4;
    %pushi/vec4 1, 0, 4;
    %cmp/u;
    %jmp/1 T_11.1, 6;
    %dup/vec4;
    %pushi/vec4 2, 0, 4;
    %cmp/u;
    %jmp/1 T_11.2, 6;
    %dup/vec4;
    %pushi/vec4 3, 0, 4;
    %cmp/u;
    %jmp/1 T_11.3, 6;
    %dup/vec4;
    %pushi/vec4 4, 0, 4;
    %cmp/u;
    %jmp/1 T_11.4, 6;
    %dup/vec4;
    %pushi/vec4 5, 0, 4;
    %cmp/u;
    %jmp/1 T_11.5, 6;
    %dup/vec4;
    %pushi/vec4 6, 0, 4;
    %cmp/u;
    %jmp/1 T_11.6, 6;
    %dup/vec4;
    %pushi/vec4 7, 0, 4;
    %cmp/u;
    %jmp/1 T_11.7, 6;
    %dup/vec4;
    %pushi/vec4 8, 0, 4;
    %cmp/u;
    %jmp/1 T_11.8, 6;
    %dup/vec4;
    %pushi/vec4 9, 0, 4;
    %cmp/u;
    %jmp/1 T_11.9, 6;
    %dup/vec4;
    %pushi/vec4 10, 0, 4;
    %cmp/u;
    %jmp/1 T_11.10, 6;
    %dup/vec4;
    %pushi/vec4 11, 0, 4;
    %cmp/u;
    %jmp/1 T_11.11, 6;
    %dup/vec4;
    %pushi/vec4 12, 0, 4;
    %cmp/u;
    %jmp/1 T_11.12, 6;
    %dup/vec4;
    %pushi/vec4 13, 0, 4;
    %cmp/u;
    %jmp/1 T_11.13, 6;
    %dup/vec4;
    %pushi/vec4 14, 0, 4;
    %cmp/u;
    %jmp/1 T_11.14, 6;
    %dup/vec4;
    %pushi/vec4 15, 0, 4;
    %cmp/u;
    %jmp/1 T_11.15, 6;
    %jmp T_11.16;
T_11.0 ;
    %pushi/vec4 12, 0, 4;
    %store/vec4 v0x561201645ef0_0, 0, 4;
    %jmp T_11.16;
T_11.1 ;
    %pushi/vec4 5, 0, 4;
    %store/vec4 v0x561201645ef0_0, 0, 4;
    %jmp T_11.16;
T_11.2 ;
    %pushi/vec4 6, 0, 4;
    %store/vec4 v0x561201645ef0_0, 0, 4;
    %jmp T_11.16;
T_11.3 ;
    %pushi/vec4 11, 0, 4;
    %store/vec4 v0x561201645ef0_0, 0, 4;
    %jmp T_11.16;
T_11.4 ;
    %pushi/vec4 9, 0, 4;
    %store/vec4 v0x561201645ef0_0, 0, 4;
    %jmp T_11.16;
T_11.5 ;
    %pushi/vec4 0, 0, 4;
    %store/vec4 v0x561201645ef0_0, 0, 4;
    %jmp T_11.16;
T_11.6 ;
    %pushi/vec4 10, 0, 4;
    %store/vec4 v0x561201645ef0_0, 0, 4;
    %jmp T_11.16;
T_11.7 ;
    %pushi/vec4 13, 0, 4;
    %store/vec4 v0x561201645ef0_0, 0, 4;
    %jmp T_11.16;
T_11.8 ;
    %pushi/vec4 3, 0, 4;
    %store/vec4 v0x561201645ef0_0, 0, 4;
    %jmp T_11.16;
T_11.9 ;
    %pushi/vec4 14, 0, 4;
    %store/vec4 v0x561201645ef0_0, 0, 4;
    %jmp T_11.16;
T_11.10 ;
    %pushi/vec4 15, 0, 4;
    %store/vec4 v0x561201645ef0_0, 0, 4;
    %jmp T_11.16;
T_11.11 ;
    %pushi/vec4 8, 0, 4;
    %store/vec4 v0x561201645ef0_0, 0, 4;
    %jmp T_11.16;
T_11.12 ;
    %pushi/vec4 4, 0, 4;
    %store/vec4 v0x561201645ef0_0, 0, 4;
    %jmp T_11.16;
T_11.13 ;
    %pushi/vec4 7, 0, 4;
    %store/vec4 v0x561201645ef0_0, 0, 4;
    %jmp T_11.16;
T_11.14 ;
    %pushi/vec4 1, 0, 4;
    %store/vec4 v0x561201645ef0_0, 0, 4;
    %jmp T_11.16;
T_11.15 ;
    %pushi/vec4 2, 0, 4;
    %store/vec4 v0x561201645ef0_0, 0, 4;
    %jmp T_11.16;
T_11.16 ;
    %pop/vec4 1;
    %jmp T_11;
    .thread T_11, $push;
    .scope S_0x5612016465a0;
T_12 ;
    %wait E_0x5612016467e0;
    %load/vec4 v0x561201646860_0;
    %dup/vec4;
    %pushi/vec4 0, 0, 4;
    %cmp/u;
    %jmp/1 T_12.0, 6;
    %dup/vec4;
    %pushi/vec4 1, 0, 4;
    %cmp/u;
    %jmp/1 T_12.1, 6;
    %dup/vec4;
    %pushi/vec4 2, 0, 4;
    %cmp/u;
    %jmp/1 T_12.2, 6;
    %dup/vec4;
    %pushi/vec4 3, 0, 4;
    %cmp/u;
    %jmp/1 T_12.3, 6;
    %dup/vec4;
    %pushi/vec4 4, 0, 4;
    %cmp/u;
    %jmp/1 T_12.4, 6;
    %dup/vec4;
    %pushi/vec4 5, 0, 4;
    %cmp/u;
    %jmp/1 T_12.5, 6;
    %dup/vec4;
    %pushi/vec4 6, 0, 4;
    %cmp/u;
    %jmp/1 T_12.6, 6;
    %dup/vec4;
    %pushi/vec4 7, 0, 4;
    %cmp/u;
    %jmp/1 T_12.7, 6;
    %dup/vec4;
    %pushi/vec4 8, 0, 4;
    %cmp/u;
    %jmp/1 T_12.8, 6;
    %dup/vec4;
    %pushi/vec4 9, 0, 4;
    %cmp/u;
    %jmp/1 T_12.9, 6;
    %dup/vec4;
    %pushi/vec4 10, 0, 4;
    %cmp/u;
    %jmp/1 T_12.10, 6;
    %dup/vec4;
    %pushi/vec4 11, 0, 4;
    %cmp/u;
    %jmp/1 T_12.11, 6;
    %dup/vec4;
    %pushi/vec4 12, 0, 4;
    %cmp/u;
    %jmp/1 T_12.12, 6;
    %dup/vec4;
    %pushi/vec4 13, 0, 4;
    %cmp/u;
    %jmp/1 T_12.13, 6;
    %dup/vec4;
    %pushi/vec4 14, 0, 4;
    %cmp/u;
    %jmp/1 T_12.14, 6;
    %dup/vec4;
    %pushi/vec4 15, 0, 4;
    %cmp/u;
    %jmp/1 T_12.15, 6;
    %jmp T_12.16;
T_12.0 ;
    %pushi/vec4 12, 0, 4;
    %store/vec4 v0x561201646960_0, 0, 4;
    %jmp T_12.16;
T_12.1 ;
    %pushi/vec4 5, 0, 4;
    %store/vec4 v0x561201646960_0, 0, 4;
    %jmp T_12.16;
T_12.2 ;
    %pushi/vec4 6, 0, 4;
    %store/vec4 v0x561201646960_0, 0, 4;
    %jmp T_12.16;
T_12.3 ;
    %pushi/vec4 11, 0, 4;
    %store/vec4 v0x561201646960_0, 0, 4;
    %jmp T_12.16;
T_12.4 ;
    %pushi/vec4 9, 0, 4;
    %store/vec4 v0x561201646960_0, 0, 4;
    %jmp T_12.16;
T_12.5 ;
    %pushi/vec4 0, 0, 4;
    %store/vec4 v0x561201646960_0, 0, 4;
    %jmp T_12.16;
T_12.6 ;
    %pushi/vec4 10, 0, 4;
    %store/vec4 v0x561201646960_0, 0, 4;
    %jmp T_12.16;
T_12.7 ;
    %pushi/vec4 13, 0, 4;
    %store/vec4 v0x561201646960_0, 0, 4;
    %jmp T_12.16;
T_12.8 ;
    %pushi/vec4 3, 0, 4;
    %store/vec4 v0x561201646960_0, 0, 4;
    %jmp T_12.16;
T_12.9 ;
    %pushi/vec4 14, 0, 4;
    %store/vec4 v0x561201646960_0, 0, 4;
    %jmp T_12.16;
T_12.10 ;
    %pushi/vec4 15, 0, 4;
    %store/vec4 v0x561201646960_0, 0, 4;
    %jmp T_12.16;
T_12.11 ;
    %pushi/vec4 8, 0, 4;
    %store/vec4 v0x561201646960_0, 0, 4;
    %jmp T_12.16;
T_12.12 ;
    %pushi/vec4 4, 0, 4;
    %store/vec4 v0x561201646960_0, 0, 4;
    %jmp T_12.16;
T_12.13 ;
    %pushi/vec4 7, 0, 4;
    %store/vec4 v0x561201646960_0, 0, 4;
    %jmp T_12.16;
T_12.14 ;
    %pushi/vec4 1, 0, 4;
    %store/vec4 v0x561201646960_0, 0, 4;
    %jmp T_12.16;
T_12.15 ;
    %pushi/vec4 2, 0, 4;
    %store/vec4 v0x561201646960_0, 0, 4;
    %jmp T_12.16;
T_12.16 ;
    %pop/vec4 1;
    %jmp T_12;
    .thread T_12, $push;
    .scope S_0x561201647010;
T_13 ;
    %wait E_0x561201647250;
    %load/vec4 v0x5612016472d0_0;
    %dup/vec4;
    %pushi/vec4 0, 0, 4;
    %cmp/u;
    %jmp/1 T_13.0, 6;
    %dup/vec4;
    %pushi/vec4 1, 0, 4;
    %cmp/u;
    %jmp/1 T_13.1, 6;
    %dup/vec4;
    %pushi/vec4 2, 0, 4;
    %cmp/u;
    %jmp/1 T_13.2, 6;
    %dup/vec4;
    %pushi/vec4 3, 0, 4;
    %cmp/u;
    %jmp/1 T_13.3, 6;
    %dup/vec4;
    %pushi/vec4 4, 0, 4;
    %cmp/u;
    %jmp/1 T_13.4, 6;
    %dup/vec4;
    %pushi/vec4 5, 0, 4;
    %cmp/u;
    %jmp/1 T_13.5, 6;
    %dup/vec4;
    %pushi/vec4 6, 0, 4;
    %cmp/u;
    %jmp/1 T_13.6, 6;
    %dup/vec4;
    %pushi/vec4 7, 0, 4;
    %cmp/u;
    %jmp/1 T_13.7, 6;
    %dup/vec4;
    %pushi/vec4 8, 0, 4;
    %cmp/u;
    %jmp/1 T_13.8, 6;
    %dup/vec4;
    %pushi/vec4 9, 0, 4;
    %cmp/u;
    %jmp/1 T_13.9, 6;
    %dup/vec4;
    %pushi/vec4 10, 0, 4;
    %cmp/u;
    %jmp/1 T_13.10, 6;
    %dup/vec4;
    %pushi/vec4 11, 0, 4;
    %cmp/u;
    %jmp/1 T_13.11, 6;
    %dup/vec4;
    %pushi/vec4 12, 0, 4;
    %cmp/u;
    %jmp/1 T_13.12, 6;
    %dup/vec4;
    %pushi/vec4 13, 0, 4;
    %cmp/u;
    %jmp/1 T_13.13, 6;
    %dup/vec4;
    %pushi/vec4 14, 0, 4;
    %cmp/u;
    %jmp/1 T_13.14, 6;
    %dup/vec4;
    %pushi/vec4 15, 0, 4;
    %cmp/u;
    %jmp/1 T_13.15, 6;
    %jmp T_13.16;
T_13.0 ;
    %pushi/vec4 12, 0, 4;
    %store/vec4 v0x5612016473d0_0, 0, 4;
    %jmp T_13.16;
T_13.1 ;
    %pushi/vec4 5, 0, 4;
    %store/vec4 v0x5612016473d0_0, 0, 4;
    %jmp T_13.16;
T_13.2 ;
    %pushi/vec4 6, 0, 4;
    %store/vec4 v0x5612016473d0_0, 0, 4;
    %jmp T_13.16;
T_13.3 ;
    %pushi/vec4 11, 0, 4;
    %store/vec4 v0x5612016473d0_0, 0, 4;
    %jmp T_13.16;
T_13.4 ;
    %pushi/vec4 9, 0, 4;
    %store/vec4 v0x5612016473d0_0, 0, 4;
    %jmp T_13.16;
T_13.5 ;
    %pushi/vec4 0, 0, 4;
    %store/vec4 v0x5612016473d0_0, 0, 4;
    %jmp T_13.16;
T_13.6 ;
    %pushi/vec4 10, 0, 4;
    %store/vec4 v0x5612016473d0_0, 0, 4;
    %jmp T_13.16;
T_13.7 ;
    %pushi/vec4 13, 0, 4;
    %store/vec4 v0x5612016473d0_0, 0, 4;
    %jmp T_13.16;
T_13.8 ;
    %pushi/vec4 3, 0, 4;
    %store/vec4 v0x5612016473d0_0, 0, 4;
    %jmp T_13.16;
T_13.9 ;
    %pushi/vec4 14, 0, 4;
    %store/vec4 v0x5612016473d0_0, 0, 4;
    %jmp T_13.16;
T_13.10 ;
    %pushi/vec4 15, 0, 4;
    %store/vec4 v0x5612016473d0_0, 0, 4;
    %jmp T_13.16;
T_13.11 ;
    %pushi/vec4 8, 0, 4;
    %store/vec4 v0x5612016473d0_0, 0, 4;
    %jmp T_13.16;
T_13.12 ;
    %pushi/vec4 4, 0, 4;
    %store/vec4 v0x5612016473d0_0, 0, 4;
    %jmp T_13.16;
T_13.13 ;
    %pushi/vec4 7, 0, 4;
    %store/vec4 v0x5612016473d0_0, 0, 4;
    %jmp T_13.16;
T_13.14 ;
    %pushi/vec4 1, 0, 4;
    %store/vec4 v0x5612016473d0_0, 0, 4;
    %jmp T_13.16;
T_13.15 ;
    %pushi/vec4 2, 0, 4;
    %store/vec4 v0x5612016473d0_0, 0, 4;
    %jmp T_13.16;
T_13.16 ;
    %pop/vec4 1;
    %jmp T_13;
    .thread T_13, $push;
    .scope S_0x561201647a80;
T_14 ;
    %wait E_0x561201647cc0;
    %load/vec4 v0x561201647d40_0;
    %dup/vec4;
    %pushi/vec4 0, 0, 4;
    %cmp/u;
    %jmp/1 T_14.0, 6;
    %dup/vec4;
    %pushi/vec4 1, 0, 4;
    %cmp/u;
    %jmp/1 T_14.1, 6;
    %dup/vec4;
    %pushi/vec4 2, 0, 4;
    %cmp/u;
    %jmp/1 T_14.2, 6;
    %dup/vec4;
    %pushi/vec4 3, 0, 4;
    %cmp/u;
    %jmp/1 T_14.3, 6;
    %dup/vec4;
    %pushi/vec4 4, 0, 4;
    %cmp/u;
    %jmp/1 T_14.4, 6;
    %dup/vec4;
    %pushi/vec4 5, 0, 4;
    %cmp/u;
    %jmp/1 T_14.5, 6;
    %dup/vec4;
    %pushi/vec4 6, 0, 4;
    %cmp/u;
    %jmp/1 T_14.6, 6;
    %dup/vec4;
    %pushi/vec4 7, 0, 4;
    %cmp/u;
    %jmp/1 T_14.7, 6;
    %dup/vec4;
    %pushi/vec4 8, 0, 4;
    %cmp/u;
    %jmp/1 T_14.8, 6;
    %dup/vec4;
    %pushi/vec4 9, 0, 4;
    %cmp/u;
    %jmp/1 T_14.9, 6;
    %dup/vec4;
    %pushi/vec4 10, 0, 4;
    %cmp/u;
    %jmp/1 T_14.10, 6;
    %dup/vec4;
    %pushi/vec4 11, 0, 4;
    %cmp/u;
    %jmp/1 T_14.11, 6;
    %dup/vec4;
    %pushi/vec4 12, 0, 4;
    %cmp/u;
    %jmp/1 T_14.12, 6;
    %dup/vec4;
    %pushi/vec4 13, 0, 4;
    %cmp/u;
    %jmp/1 T_14.13, 6;
    %dup/vec4;
    %pushi/vec4 14, 0, 4;
    %cmp/u;
    %jmp/1 T_14.14, 6;
    %dup/vec4;
    %pushi/vec4 15, 0, 4;
    %cmp/u;
    %jmp/1 T_14.15, 6;
    %jmp T_14.16;
T_14.0 ;
    %pushi/vec4 12, 0, 4;
    %store/vec4 v0x561201647e40_0, 0, 4;
    %jmp T_14.16;
T_14.1 ;
    %pushi/vec4 5, 0, 4;
    %store/vec4 v0x561201647e40_0, 0, 4;
    %jmp T_14.16;
T_14.2 ;
    %pushi/vec4 6, 0, 4;
    %store/vec4 v0x561201647e40_0, 0, 4;
    %jmp T_14.16;
T_14.3 ;
    %pushi/vec4 11, 0, 4;
    %store/vec4 v0x561201647e40_0, 0, 4;
    %jmp T_14.16;
T_14.4 ;
    %pushi/vec4 9, 0, 4;
    %store/vec4 v0x561201647e40_0, 0, 4;
    %jmp T_14.16;
T_14.5 ;
    %pushi/vec4 0, 0, 4;
    %store/vec4 v0x561201647e40_0, 0, 4;
    %jmp T_14.16;
T_14.6 ;
    %pushi/vec4 10, 0, 4;
    %store/vec4 v0x561201647e40_0, 0, 4;
    %jmp T_14.16;
T_14.7 ;
    %pushi/vec4 13, 0, 4;
    %store/vec4 v0x561201647e40_0, 0, 4;
    %jmp T_14.16;
T_14.8 ;
    %pushi/vec4 3, 0, 4;
    %store/vec4 v0x561201647e40_0, 0, 4;
    %jmp T_14.16;
T_14.9 ;
    %pushi/vec4 14, 0, 4;
    %store/vec4 v0x561201647e40_0, 0, 4;
    %jmp T_14.16;
T_14.10 ;
    %pushi/vec4 15, 0, 4;
    %store/vec4 v0x561201647e40_0, 0, 4;
    %jmp T_14.16;
T_14.11 ;
    %pushi/vec4 8, 0, 4;
    %store/vec4 v0x561201647e40_0, 0, 4;
    %jmp T_14.16;
T_14.12 ;
    %pushi/vec4 4, 0, 4;
    %store/vec4 v0x561201647e40_0, 0, 4;
    %jmp T_14.16;
T_14.13 ;
    %pushi/vec4 7, 0, 4;
    %store/vec4 v0x561201647e40_0, 0, 4;
    %jmp T_14.16;
T_14.14 ;
    %pushi/vec4 1, 0, 4;
    %store/vec4 v0x561201647e40_0, 0, 4;
    %jmp T_14.16;
T_14.15 ;
    %pushi/vec4 2, 0, 4;
    %store/vec4 v0x561201647e40_0, 0, 4;
    %jmp T_14.16;
T_14.16 ;
    %pop/vec4 1;
    %jmp T_14;
    .thread T_14, $push;
    .scope S_0x5612016484f0;
T_15 ;
    %wait E_0x561201648730;
    %load/vec4 v0x5612016487b0_0;
    %dup/vec4;
    %pushi/vec4 0, 0, 4;
    %cmp/u;
    %jmp/1 T_15.0, 6;
    %dup/vec4;
    %pushi/vec4 1, 0, 4;
    %cmp/u;
    %jmp/1 T_15.1, 6;
    %dup/vec4;
    %pushi/vec4 2, 0, 4;
    %cmp/u;
    %jmp/1 T_15.2, 6;
    %dup/vec4;
    %pushi/vec4 3, 0, 4;
    %cmp/u;
    %jmp/1 T_15.3, 6;
    %dup/vec4;
    %pushi/vec4 4, 0, 4;
    %cmp/u;
    %jmp/1 T_15.4, 6;
    %dup/vec4;
    %pushi/vec4 5, 0, 4;
    %cmp/u;
    %jmp/1 T_15.5, 6;
    %dup/vec4;
    %pushi/vec4 6, 0, 4;
    %cmp/u;
    %jmp/1 T_15.6, 6;
    %dup/vec4;
    %pushi/vec4 7, 0, 4;
    %cmp/u;
    %jmp/1 T_15.7, 6;
    %dup/vec4;
    %pushi/vec4 8, 0, 4;
    %cmp/u;
    %jmp/1 T_15.8, 6;
    %dup/vec4;
    %pushi/vec4 9, 0, 4;
    %cmp/u;
    %jmp/1 T_15.9, 6;
    %dup/vec4;
    %pushi/vec4 10, 0, 4;
    %cmp/u;
    %jmp/1 T_15.10, 6;
    %dup/vec4;
    %pushi/vec4 11, 0, 4;
    %cmp/u;
    %jmp/1 T_15.11, 6;
    %dup/vec4;
    %pushi/vec4 12, 0, 4;
    %cmp/u;
    %jmp/1 T_15.12, 6;
    %dup/vec4;
    %pushi/vec4 13, 0, 4;
    %cmp/u;
    %jmp/1 T_15.13, 6;
    %dup/vec4;
    %pushi/vec4 14, 0, 4;
    %cmp/u;
    %jmp/1 T_15.14, 6;
    %dup/vec4;
    %pushi/vec4 15, 0, 4;
    %cmp/u;
    %jmp/1 T_15.15, 6;
    %jmp T_15.16;
T_15.0 ;
    %pushi/vec4 12, 0, 4;
    %store/vec4 v0x5612016488b0_0, 0, 4;
    %jmp T_15.16;
T_15.1 ;
    %pushi/vec4 5, 0, 4;
    %store/vec4 v0x5612016488b0_0, 0, 4;
    %jmp T_15.16;
T_15.2 ;
    %pushi/vec4 6, 0, 4;
    %store/vec4 v0x5612016488b0_0, 0, 4;
    %jmp T_15.16;
T_15.3 ;
    %pushi/vec4 11, 0, 4;
    %store/vec4 v0x5612016488b0_0, 0, 4;
    %jmp T_15.16;
T_15.4 ;
    %pushi/vec4 9, 0, 4;
    %store/vec4 v0x5612016488b0_0, 0, 4;
    %jmp T_15.16;
T_15.5 ;
    %pushi/vec4 0, 0, 4;
    %store/vec4 v0x5612016488b0_0, 0, 4;
    %jmp T_15.16;
T_15.6 ;
    %pushi/vec4 10, 0, 4;
    %store/vec4 v0x5612016488b0_0, 0, 4;
    %jmp T_15.16;
T_15.7 ;
    %pushi/vec4 13, 0, 4;
    %store/vec4 v0x5612016488b0_0, 0, 4;
    %jmp T_15.16;
T_15.8 ;
    %pushi/vec4 3, 0, 4;
    %store/vec4 v0x5612016488b0_0, 0, 4;
    %jmp T_15.16;
T_15.9 ;
    %pushi/vec4 14, 0, 4;
    %store/vec4 v0x5612016488b0_0, 0, 4;
    %jmp T_15.16;
T_15.10 ;
    %pushi/vec4 15, 0, 4;
    %store/vec4 v0x5612016488b0_0, 0, 4;
    %jmp T_15.16;
T_15.11 ;
    %pushi/vec4 8, 0, 4;
    %store/vec4 v0x5612016488b0_0, 0, 4;
    %jmp T_15.16;
T_15.12 ;
    %pushi/vec4 4, 0, 4;
    %store/vec4 v0x5612016488b0_0, 0, 4;
    %jmp T_15.16;
T_15.13 ;
    %pushi/vec4 7, 0, 4;
    %store/vec4 v0x5612016488b0_0, 0, 4;
    %jmp T_15.16;
T_15.14 ;
    %pushi/vec4 1, 0, 4;
    %store/vec4 v0x5612016488b0_0, 0, 4;
    %jmp T_15.16;
T_15.15 ;
    %pushi/vec4 2, 0, 4;
    %store/vec4 v0x5612016488b0_0, 0, 4;
    %jmp T_15.16;
T_15.16 ;
    %pop/vec4 1;
    %jmp T_15;
    .thread T_15, $push;
    .scope S_0x561201648f60;
T_16 ;
    %wait E_0x5612016491a0;
    %load/vec4 v0x561201649220_0;
    %dup/vec4;
    %pushi/vec4 0, 0, 4;
    %cmp/u;
    %jmp/1 T_16.0, 6;
    %dup/vec4;
    %pushi/vec4 1, 0, 4;
    %cmp/u;
    %jmp/1 T_16.1, 6;
    %dup/vec4;
    %pushi/vec4 2, 0, 4;
    %cmp/u;
    %jmp/1 T_16.2, 6;
    %dup/vec4;
    %pushi/vec4 3, 0, 4;
    %cmp/u;
    %jmp/1 T_16.3, 6;
    %dup/vec4;
    %pushi/vec4 4, 0, 4;
    %cmp/u;
    %jmp/1 T_16.4, 6;
    %dup/vec4;
    %pushi/vec4 5, 0, 4;
    %cmp/u;
    %jmp/1 T_16.5, 6;
    %dup/vec4;
    %pushi/vec4 6, 0, 4;
    %cmp/u;
    %jmp/1 T_16.6, 6;
    %dup/vec4;
    %pushi/vec4 7, 0, 4;
    %cmp/u;
    %jmp/1 T_16.7, 6;
    %dup/vec4;
    %pushi/vec4 8, 0, 4;
    %cmp/u;
    %jmp/1 T_16.8, 6;
    %dup/vec4;
    %pushi/vec4 9, 0, 4;
    %cmp/u;
    %jmp/1 T_16.9, 6;
    %dup/vec4;
    %pushi/vec4 10, 0, 4;
    %cmp/u;
    %jmp/1 T_16.10, 6;
    %dup/vec4;
    %pushi/vec4 11, 0, 4;
    %cmp/u;
    %jmp/1 T_16.11, 6;
    %dup/vec4;
    %pushi/vec4 12, 0, 4;
    %cmp/u;
    %jmp/1 T_16.12, 6;
    %dup/vec4;
    %pushi/vec4 13, 0, 4;
    %cmp/u;
    %jmp/1 T_16.13, 6;
    %dup/vec4;
    %pushi/vec4 14, 0, 4;
    %cmp/u;
    %jmp/1 T_16.14, 6;
    %dup/vec4;
    %pushi/vec4 15, 0, 4;
    %cmp/u;
    %jmp/1 T_16.15, 6;
    %jmp T_16.16;
T_16.0 ;
    %pushi/vec4 12, 0, 4;
    %store/vec4 v0x561201649320_0, 0, 4;
    %jmp T_16.16;
T_16.1 ;
    %pushi/vec4 5, 0, 4;
    %store/vec4 v0x561201649320_0, 0, 4;
    %jmp T_16.16;
T_16.2 ;
    %pushi/vec4 6, 0, 4;
    %store/vec4 v0x561201649320_0, 0, 4;
    %jmp T_16.16;
T_16.3 ;
    %pushi/vec4 11, 0, 4;
    %store/vec4 v0x561201649320_0, 0, 4;
    %jmp T_16.16;
T_16.4 ;
    %pushi/vec4 9, 0, 4;
    %store/vec4 v0x561201649320_0, 0, 4;
    %jmp T_16.16;
T_16.5 ;
    %pushi/vec4 0, 0, 4;
    %store/vec4 v0x561201649320_0, 0, 4;
    %jmp T_16.16;
T_16.6 ;
    %pushi/vec4 10, 0, 4;
    %store/vec4 v0x561201649320_0, 0, 4;
    %jmp T_16.16;
T_16.7 ;
    %pushi/vec4 13, 0, 4;
    %store/vec4 v0x561201649320_0, 0, 4;
    %jmp T_16.16;
T_16.8 ;
    %pushi/vec4 3, 0, 4;
    %store/vec4 v0x561201649320_0, 0, 4;
    %jmp T_16.16;
T_16.9 ;
    %pushi/vec4 14, 0, 4;
    %store/vec4 v0x561201649320_0, 0, 4;
    %jmp T_16.16;
T_16.10 ;
    %pushi/vec4 15, 0, 4;
    %store/vec4 v0x561201649320_0, 0, 4;
    %jmp T_16.16;
T_16.11 ;
    %pushi/vec4 8, 0, 4;
    %store/vec4 v0x561201649320_0, 0, 4;
    %jmp T_16.16;
T_16.12 ;
    %pushi/vec4 4, 0, 4;
    %store/vec4 v0x561201649320_0, 0, 4;
    %jmp T_16.16;
T_16.13 ;
    %pushi/vec4 7, 0, 4;
    %store/vec4 v0x561201649320_0, 0, 4;
    %jmp T_16.16;
T_16.14 ;
    %pushi/vec4 1, 0, 4;
    %store/vec4 v0x561201649320_0, 0, 4;
    %jmp T_16.16;
T_16.15 ;
    %pushi/vec4 2, 0, 4;
    %store/vec4 v0x561201649320_0, 0, 4;
    %jmp T_16.16;
T_16.16 ;
    %pop/vec4 1;
    %jmp T_16;
    .thread T_16, $push;
    .scope S_0x56120159cab0;
T_17 ;
    %wait E_0x561201620970;
    %load/vec4 v0x56120164b390_0;
    %store/vec4 v0x56120164b7a0_0, 0, 2;
    %load/vec4 v0x56120164b390_0;
    %dup/vec4;
    %pushi/vec4 0, 0, 2;
    %cmp/u;
    %jmp/1 T_17.0, 6;
    %dup/vec4;
    %pushi/vec4 1, 0, 2;
    %cmp/u;
    %jmp/1 T_17.1, 6;
    %dup/vec4;
    %pushi/vec4 2, 0, 2;
    %cmp/u;
    %jmp/1 T_17.2, 6;
    %dup/vec4;
    %pushi/vec4 3, 0, 2;
    %cmp/u;
    %jmp/1 T_17.3, 6;
    %jmp T_17.4;
T_17.0 ;
    %load/vec4 v0x56120164bc70_0;
    %flag_set/vec4 8;
    %jmp/0xz  T_17.5, 8;
    %pushi/vec4 1, 0, 1;
    %store/vec4 v0x56120164b6d0_0, 0, 1;
    %load/vec4 v0x56120164b840_0;
    %store/vec4 v0x56120164bd30_0, 0, 64;
    %pushi/vec4 1, 0, 2;
    %store/vec4 v0x56120164b7a0_0, 0, 2;
T_17.5 ;
    %jmp T_17.4;
T_17.1 ;
    %pushi/vec4 1, 0, 5;
    %store/vec4 v0x56120164b230_0, 0, 5;
    %pushi/vec4 1, 0, 1;
    %store/vec4 v0x56120164b450_0, 0, 1;
    %pushi/vec4 0, 0, 1;
    %store/vec4 v0x56120164b6d0_0, 0, 1;
    %pushi/vec4 2, 0, 2;
    %store/vec4 v0x56120164b7a0_0, 0, 2;
    %jmp T_17.4;
T_17.2 ;
    %load/vec4 v0x56120164b230_0;
    %pad/u 32;
    %cmpi/e 0, 0, 32;
    %jmp/0xz  T_17.7, 4;
    %load/vec4 v0x56120164bd30_0;
    %store/vec4 v0x56120164b520_0, 0, 64;
    %pushi/vec4 3, 0, 2;
    %store/vec4 v0x56120164b7a0_0, 0, 2;
T_17.7 ;
    %jmp T_17.4;
T_17.3 ;
    %load/vec4 v0x56120164b520_0;
    %load/vec4 v0x56120164b9e0_0;
    %xor;
    %store/vec4 v0x56120164b520_0, 0, 64;
    %pushi/vec4 0, 0, 1;
    %store/vec4 v0x56120164b450_0, 0, 1;
    %pushi/vec4 1, 0, 1;
    %store/vec4 v0x56120164b6d0_0, 0, 1;
    %pushi/vec4 0, 0, 2;
    %store/vec4 v0x56120164b7a0_0, 0, 2;
    %jmp T_17.4;
T_17.4 ;
    %pop/vec4 1;
    %jmp T_17;
    .thread T_17, $push;
    .scope S_0x56120159cab0;
T_18 ;
    %wait E_0x561201591a60;
    %load/vec4 v0x56120164b390_0;
    %pad/u 32;
    %cmpi/e 2, 0, 32;
    %jmp/0xz  T_18.0, 4;
    %load/vec4 v0x56120164baa0_0;
    %store/vec4 v0x56120164bd30_0, 0, 64;
    %load/vec4 v0x56120164b230_0;
    %addi 1, 0, 5;
    %store/vec4 v0x56120164b230_0, 0, 5;
T_18.0 ;
    %jmp T_18;
    .thread T_18;
    .scope S_0x56120159cab0;
T_19 ;
    %wait E_0x5612015c3680;
    %load/vec4 v0x56120164bbb0_0;
    %nor/r;
    %flag_set/vec4 8;
    %jmp/0xz  T_19.0, 8;
    %pushi/vec4 0, 0, 1;
    %store/vec4 v0x56120164b450_0, 0, 1;
    %pushi/vec4 0, 0, 1;
    %store/vec4 v0x56120164b6d0_0, 0, 1;
    %pushi/vec4 0, 0, 5;
    %store/vec4 v0x56120164b230_0, 0, 5;
    %pushi/vec4 0, 0, 2;
    %store/vec4 v0x56120164b390_0, 0, 2;
    %jmp T_19.1;
T_19.0 ;
    %load/vec4 v0x56120164b7a0_0;
    %store/vec4 v0x56120164b390_0, 0, 2;
T_19.1 ;
    %jmp T_19;
    .thread T_19;
    .scope S_0x56120161d9b0;
T_20 ;
    %pushi/vec4 0, 0, 1;
    %store/vec4 v0x56120164bf90_0, 0, 1;
    %pushi/vec4 0, 0, 80;
    %store/vec4 v0x56120164c4a0_0, 0, 80;
    %pushi/vec4 0, 0, 64;
    %store/vec4 v0x56120164c120_0, 0, 64;
T_20.0 ;
    %delay 4000, 0;
    %load/vec4 v0x56120164bf90_0;
    %inv;
    %store/vec4 v0x56120164bf90_0, 0, 1;
    %jmp T_20.0;
    %end;
    .thread T_20;
    .scope S_0x56120161d9b0;
T_21 ;
    %pushi/vec4 0, 0, 1;
    %store/vec4 v0x56120164c300_0, 0, 1;
    %delay 8000, 0;
    %pushi/vec4 1, 0, 1;
    %store/vec4 v0x56120164c300_0, 0, 1;
    %end;
    .thread T_21;
    .scope S_0x56120161d9b0;
T_22 ;
    %pushi/vec4 0, 0, 32;
    %store/vec4 v0x56120164c080_0, 0, 32;
    %end;
    .thread T_22;
    .scope S_0x56120161d9b0;
T_23 ;
    %wait E_0x5612015c3b00;
    %load/vec4 v0x56120164c080_0;
    %cmpi/e 4, 0, 32;
    %jmp/0xz  T_23.0, 4;
    %pushi/vec4 1, 0, 1;
    %store/vec4 v0x56120164c3d0_0, 0, 1;
T_23.0 ;
    %load/vec4 v0x56120164c080_0;
    %cmpi/e 72, 0, 32;
    %jmp/0xz  T_23.2, 4;
    %vpi_call 2 47 "$finish" {0 0 0};
T_23.2 ;
    %jmp T_23;
    .thread T_23, $push;
    .scope S_0x56120161d9b0;
T_24 ;
    %wait E_0x561201591a60;
    %load/vec4 v0x56120164c300_0;
    %flag_set/vec4 8;
    %jmp/0xz  T_24.0, 8;
    %load/vec4 v0x56120164c080_0;
    %addi 1, 0, 32;
    %assign/vec4 v0x56120164c080_0, 0;
T_24.0 ;
    %jmp T_24;
    .thread T_24;
    .scope S_0x56120161d9b0;
T_25 ;
    %vpi_call 2 58 "$dumpfile", "scheduler.vcd" {0 0 0};
    %vpi_call 2 59 "$dumpvars", 32'sb00000000000000000000000000000000, S_0x56120161d9b0 {0 0 0};
    %end;
    .thread T_25;
# The file index is used to find the file name in the following table.
:file_names 9;
    "N/A";
    "<interactive>";
    "tb_keyscheduler.v";
    "enc.v";
    "encryptor.v";
    "player.v";
    "sboxlayer.v";
    "sbox_table.v";
    "key_scheduler.v";
